#
# A fatal error has been detected by the Java Runtime Environment:
#
#  EXCEPTION_ACCESS_VIOLATION (0xc0000005) at pc=0x53686ee0, pid=6192, tid=0x00001a58
#
# JRE version: Java(TM) SE Runtime Environment (8.0_291-b10) (build 1.8.0_291-b10)
# Java VM: Java HotSpot(TM) Client VM (25.291-b10 mixed mode, sharing windows-x86 )
# Problematic frame:
# V  [jvm.dll+0xe6ee0]
#
# Failed to write core dump. Minidumps are not enabled by default on client versions of Windows
#
# If you would like to submit a bug report, please visit:
#   http://bugreport.java.com/bugreport/crash.jsp
#

---------------  T H R E A D  ---------------

Current thread (0x15e32400):  JavaThread "AWT-EventQueue-0" [_thread_in_vm, id=6744, stack(0x167a0000,0x167f0000)]

siginfo: ExceptionCode=0xc0000005, reading address 0x00000000

Registers:
EAX=0x00000006, EBX=0x00000000, ECX=0xb424c9fd, EDX=0x0000000c
ESP=0x167edc08, EBP=0x167edc38, ESI=0x15e32400, EDI=0x15e32400
EIP=0x53686ee0, EFLAGS=0x00010246

Top of Stack: (sp=0x167edc08)
0x167edc08:   15e32400 15e32550 167ee4c0 09bf9d88
0x167edc18:   167edc18 148a1e4c 167edc60 154828e0
0x167edc28:   15e32400 00000000 00000000 167edc60
0x167edc38:   00000000 02071c0b 00000000 00000000
0x167edc48:   00000000 15e32400 150a3a00 167ee4a8
0x167edc58:   150a3a08 167edc78 167edca0 02464864
0x167edc68:   00000000 00000000 00000000 00000000
0x167edc78:   04788f58 00000000 167edc80 14a56665 

Instructions: (pc=0x53686ee0)
0x53686ec0:   bc f2 0c 00 8b 5d 0c c7 45 08 00 00 00 00 f6 c3
0x53686ed0:   01 74 0d 53 e8 77 f5 07 00 83 c4 04 8b d8 eb 02
0x53686ee0:   8b 1b a1 f8 c8 92 53 83 3c 18 00 74 4c 53 e8 bd
0x53686ef0:   3e f6 ff 83 c4 04 8d 4d dc 8b f8 6a 00 6a 00 e8 


Register to memory mapping:

EAX=0x00000006 is an unknown value
EBX=0x00000000 is an unknown value
ECX=0xb424c9fd is an unknown value
EDX=0x0000000c is an unknown value
ESP=0x167edc08 is pointing into the stack for thread: 0x15e32400
EBP=0x167edc38 is pointing into the stack for thread: 0x15e32400
ESI=0x15e32400 is a thread
EDI=0x15e32400 is a thread


Stack: [0x167a0000,0x167f0000],  sp=0x167edc08,  free space=311k
Native frames: (J=compiled Java code, j=interpreted, Vv=VM code, C=native code)
V  [jvm.dll+0xe6ee0]
C  [Jpcap.dll+0x1c0b]

Java frames: (J=compiled Java code, j=interpreted, Vv=VM code)
j  jpcap.JpcapCaptor.setFilter(Ljava/lang/String;Z)V+0
j  PacketSniffer.Sniffer$14.actionPerformed(Ljava/awt/event/ActionEvent;)V+47
j  java.awt.AWTEventMulticaster.actionPerformed(Ljava/awt/event/ActionEvent;)V+21
j  java.awt.Button.processActionEvent(Ljava/awt/event/ActionEvent;)V+11
j  java.awt.Button.processEvent(Ljava/awt/AWTEvent;)V+12
j  java.awt.Component.dispatchEventImpl(Ljava/awt/AWTEvent;)V+589
j  java.awt.Component.dispatchEvent(Ljava/awt/AWTEvent;)V+2
j  java.awt.EventQueue.dispatchEventImpl(Ljava/awt/AWTEvent;Ljava/lang/Object;)V+41
j  java.awt.EventQueue.access$500(Ljava/awt/EventQueue;Ljava/awt/AWTEvent;Ljava/lang/Object;)V+3
j  java.awt.EventQueue$3.run()Ljava/lang/Void;+32
j  java.awt.EventQueue$3.run()Ljava/lang/Object;+1
v  ~StubRoutines::call_stub
J 286  java.security.AccessController.doPrivileged(Ljava/security/PrivilegedAction;Ljava/security/AccessControlContext;)Ljava/lang/Object; (0 bytes) @ 0x0255a547 [0x0255a4e0+0x67]
J 279 C1 java.security.ProtectionDomain$JavaSecurityAccessImpl.doIntersectionPrivilege(Ljava/security/PrivilegedAction;Ljava/security/AccessControlContext;Ljava/security/AccessControlContext;)Ljava/lang/Object; (22 bytes) @ 0x025592c0 [0x025591c0+0x100]
j  java.security.ProtectionDomain$JavaSecurityAccessImpl.doIntersectionPrivilege(Ljava/security/PrivilegedAction;Ljava/security/AccessControlContext;)Ljava/lang/Object;+6
j  java.awt.EventQueue$4.run()Ljava/lang/Void;+11
j  java.awt.EventQueue$4.run()Ljava/lang/Object;+1
v  ~StubRoutines::call_stub
J 286  java.security.AccessController.doPrivileged(Ljava/security/PrivilegedAction;Ljava/security/AccessControlContext;)Ljava/lang/Object; (0 bytes) @ 0x0255a547 [0x0255a4e0+0x67]
J 279 C1 java.security.ProtectionDomain$JavaSecurityAccessImpl.doIntersectionPrivilege(Ljava/security/PrivilegedAction;Ljava/security/AccessControlContext;Ljava/security/AccessControlContext;)Ljava/lang/Object; (22 bytes) @ 0x025592c0 [0x025591c0+0x100]
j  java.awt.EventQueue.dispatchEvent(Ljava/awt/AWTEvent;)V+73
j  java.awt.EventDispatchThread.pumpOneEventForFilters(I)V+140
j  java.awt.EventDispatchThread.pumpEventsForFilter(ILjava/awt/Conditional;Ljava/awt/EventFilter;)V+35
j  java.awt.EventDispatchThread.pumpEventsForHierarchy(ILjava/awt/Conditional;Ljava/awt/Component;)V+11
j  java.awt.EventDispatchThread.pumpEvents(ILjava/awt/Conditional;)V+4
j  java.awt.EventDispatchThread.pumpEvents(Ljava/awt/Conditional;)V+3
j  java.awt.EventDispatchThread.run()V+9
v  ~StubRoutines::call_stub

---------------  P R O C E S S  ---------------

Java Threads: ( => current thread )
  0x15f0e400 JavaThread "TimerQueue" daemon [_thread_blocked, id=5692, stack(0x175d0000,0x17620000)]
  0x00404800 JavaThread "DestroyJavaVM" [_thread_blocked, id=7140, stack(0x02100000,0x02150000)]
=>0x15e32400 JavaThread "AWT-EventQueue-0" [_thread_in_vm, id=6744, stack(0x167a0000,0x167f0000)]
  0x15e09800 JavaThread "AWT-Windows" daemon [_thread_in_native, id=3584, stack(0x16380000,0x163d0000)]
  0x15e06400 JavaThread "AWT-Shutdown" [_thread_blocked, id=6980, stack(0x164e0000,0x16530000)]
  0x15e01000 JavaThread "Java2D Disposer" daemon [_thread_blocked, id=6536, stack(0x16470000,0x164c0000)]
  0x15c18c00 JavaThread "Service Thread" daemon [_thread_blocked, id=6768, stack(0x15b00000,0x15b50000)]
  0x004a4400 JavaThread "C1 CompilerThread0" daemon [_thread_blocked, id=6672, stack(0x15bc0000,0x15c10000)]
  0x004a2c00 JavaThread "Attach Listener" daemon [_thread_blocked, id=6848, stack(0x15aa0000,0x15af0000)]
  0x0049fc00 JavaThread "Signal Dispatcher" daemon [_thread_blocked, id=6504, stack(0x15390000,0x153e0000)]
  0x00490000 JavaThread "Finalizer" daemon [_thread_blocked, id=6276, stack(0x152a0000,0x152f0000)]
  0x0042f000 JavaThread "Reference Handler" daemon [_thread_blocked, id=5156, stack(0x146b0000,0x14700000)]

Other Threads:
  0x00429800 VMThread [stack: 0x045b0000,0x04600000] [id=6944]
  0x004be000 WatcherThread [stack: 0x15d70000,0x15dc0000] [id=4112]

VM state:not at safepoint (normal execution)

VM Mutex/Monitor currently owned by a thread: None

Heap:
 def new generation   total 4928K, used 1651K [0x04600000, 0x04b50000, 0x09b50000)
  eden space 4416K,  35% used [0x04600000, 0x0478d360, 0x04a50000)
  from space 512K,  12% used [0x04ad0000, 0x04adfc20, 0x04b50000)
  to   space 512K,   0% used [0x04a50000, 0x04a50000, 0x04ad0000)
 tenured generation   total 10944K, used 6039K [0x09b50000, 0x0a600000, 0x14600000)
   the space 10944K,  55% used [0x09b50000, 0x0a135e88, 0x0a136000, 0x0a600000)
 Metaspace       used 848K, capacity 2636K, committed 2752K, reserved 4480K

Card table byte_map: [0x01fe0000,0x02070000] byte_map_base: 0x01fbd000

Polling page: 0x00220000

CodeCache: size=32768Kb used=1022Kb max_used=1022Kb free=31745Kb
 bounds [0x02460000, 0x02560000, 0x04460000]
 total_blobs=539 nmethods=312 adapters=158
 compilation: enabled

Compilation events (10 events):
Event: 11.670 Thread 0x004a4400  310             javax.swing.JComponent::getX (5 bytes)
Event: 11.670 Thread 0x004a4400 nmethod 310 0x0255f2c8 code [0x0255f3c0, 0x0255f440]
Event: 11.670 Thread 0x004a4400  311             javax.swing.JComponent::getY (5 bytes)
Event: 11.671 Thread 0x004a4400 nmethod 311 0x0255f488 code [0x0255f580, 0x0255f600]
Event: 11.712 Thread 0x004a4400  312             java.util.IdentityHashMap::get (60 bytes)
Event: 11.712 Thread 0x004a4400 nmethod 312 0x0255f648 code [0x0255f750, 0x0255f88c]
Event: 11.997 Thread 0x004a4400  313             java.lang.Math::max (12 bytes)
Event: 11.997 Thread 0x004a4400 nmethod 313 0x0255f9c8 code [0x0255fac0, 0x0255fb50]
Event: 12.533 Thread 0x004a4400  314             java.awt.Component::getObjectLock (5 bytes)
Event: 12.534 Thread 0x004a4400 nmethod 314 0x0255fb88 code [0x0255fc80, 0x0255fd00]

GC Heap History (6 events):
Event: 0.274 GC heap before
{Heap before GC invocations=0 (full 0):
 def new generation   total 4928K, used 3741K [0x04600000, 0x04b50000, 0x09b50000)
  eden space 4416K,  84% used [0x04600000, 0x049a7490, 0x04a50000)
  from space 512K,   0% used [0x04a50000, 0x04a50000, 0x04ad0000)
  to   space 512K,   0% used [0x04ad0000, 0x04ad0000, 0x04b50000)
 tenured generation   total 10944K, used 0K [0x09b50000, 0x0a600000, 0x14600000)
   the space 10944K,   0% used [0x09b50000, 0x09b50000, 0x09b50200, 0x0a600000)
 Metaspace       used 437K, capacity 2577K, committed 2624K, reserved 4480K
Event: 0.279 GC heap after
Heap after GC invocations=1 (full 0):
 def new generation   total 4928K, used 512K [0x04600000, 0x04b50000, 0x09b50000)
  eden space 4416K,   0% used [0x04600000, 0x04600000, 0x04a50000)
  from space 512K, 100% used [0x04ad0000, 0x04b50000, 0x04b50000)
  to   space 512K,   0% used [0x04a50000, 0x04a50000, 0x04ad0000)
 tenured generation   total 10944K, used 759K [0x09b50000, 0x0a600000, 0x14600000)
   the space 10944K,   6% used [0x09b50000, 0x09c0dd58, 0x09c0de00, 0x0a600000)
 Metaspace       used 437K, capacity 2577K, committed 2624K, reserved 4480K
}
Event: 1.784 GC heap before
{Heap before GC invocations=1 (full 0):
 def new generation   total 4928K, used 2070K [0x04600000, 0x04b50000, 0x09b50000)
  eden space 4416K,  35% used [0x04600000, 0x04785b88, 0x04a50000)
  from space 512K, 100% used [0x04ad0000, 0x04b50000, 0x04b50000)
  to   space 512K,   0% used [0x04a50000, 0x04a50000, 0x04ad0000)
 tenured generation   total 10944K, used 759K [0x09b50000, 0x0a600000, 0x14600000)
   the space 10944K,   6% used [0x09b50000, 0x09c0dd58, 0x09c0de00, 0x0a600000)
 Metaspace       used 555K, capacity 2619K, committed 2624K, reserved 4480K
Event: 1.791 GC heap after
Heap after GC invocations=2 (full 0):
 def new generation   total 4928K, used 96K [0x04600000, 0x04b50000, 0x09b50000)
  eden space 4416K,   0% used [0x04600000, 0x04600000, 0x04a50000)
  from space 512K,  18% used [0x04a50000, 0x04a681d8, 0x04ad0000)
  to   space 512K,   0% used [0x04ad0000, 0x04ad0000, 0x04b50000)
 tenured generation   total 10944K, used 2288K [0x09b50000, 0x0a600000, 0x14600000)
   the space 10944K,  20% used [0x09b50000, 0x09d8c3f8, 0x09d8c400, 0x0a600000)
 Metaspace       used 555K, capacity 2619K, committed 2624K, reserved 4480K
}
Event: 5.734 GC heap before
{Heap before GC invocations=2 (full 0):
 def new generation   total 4928K, used 4512K [0x04600000, 0x04b50000, 0x09b50000)
  eden space 4416K, 100% used [0x04600000, 0x04a50000, 0x04a50000)
  from space 512K,  18% used [0x04a50000, 0x04a681d8, 0x04ad0000)
  to   space 512K,   0% used [0x04ad0000, 0x04ad0000, 0x04b50000)
 tenured generation   total 10944K, used 2288K [0x09b50000, 0x0a600000, 0x14600000)
   the space 10944K,  20% used [0x09b50000, 0x09d8c3f8, 0x09d8c400, 0x0a600000)
 Metaspace       used 555K, capacity 2619K, committed 2624K, reserved 4480K
Event: 5.739 GC heap after
Heap after GC invocations=3 (full 0):
 def new generation   total 4928K, used 63K [0x04600000, 0x04b50000, 0x09b50000)
  eden space 4416K,   0% used [0x04600000, 0x04600000, 0x04a50000)
  from space 512K,  12% used [0x04ad0000, 0x04adfc20, 0x04b50000)
  to   space 512K,   0% used [0x04a50000, 0x04a50000, 0x04ad0000)
 tenured generation   total 10944K, used 6039K [0x09b50000, 0x0a600000, 0x14600000)
   the space 10944K,  55% used [0x09b50000, 0x0a135e88, 0x0a136000, 0x0a600000)
 Metaspace       used 555K, capacity 2619K, committed 2624K, reserved 4480K
}

Deoptimization events (0 events):
No events

Classes redefined (0 events):
No events

Internal exceptions (10 events):
Event: 0.066 Thread 0x00404800 Exception <a 'java/security/PrivilegedActionException'> (0x046b73e8) thrown at [C:\jenkins\workspace\8-2-build-windows-i586-cygwin\jdk8u291\1294\hotspot\src\share\vm\prims\jvm.cpp, line 1523]
Event: 0.066 Thread 0x00404800 Exception <a 'java/security/PrivilegedActionException'> (0x046b75e8) thrown at [C:\jenkins\workspace\8-2-build-windows-i586-cygwin\jdk8u291\1294\hotspot\src\share\vm\prims\jvm.cpp, line 1523]
Event: 0.067 Thread 0x00404800 Exception <a 'java/security/PrivilegedActionException'> (0x046bb6c0) thrown at [C:\jenkins\workspace\8-2-build-windows-i586-cygwin\jdk8u291\1294\hotspot\src\share\vm\prims\jvm.cpp, line 1523]
Event: 0.067 Thread 0x00404800 Exception <a 'java/security/PrivilegedActionException'> (0x046bb8c0) thrown at [C:\jenkins\workspace\8-2-build-windows-i586-cygwin\jdk8u291\1294\hotspot\src\share\vm\prims\jvm.cpp, line 1523]
Event: 0.069 Thread 0x00404800 Exception <a 'java/io/FileNotFoundException'> (0x046bdc80) thrown at [C:\jenkins\workspace\8-2-build-windows-i586-cygwin\jdk8u291\1294\hotspot\src\share\vm\prims\jni.cpp, line 710]
Event: 0.100 Thread 0x00404800 Exception <a 'java/lang/NoSuchFieldError': method resolution failed> (0x0477c500) thrown at [C:\jenkins\workspace\8-2-build-windows-i586-cygwin\jdk8u291\1294\hotspot\src\share\vm\prims\methodHandles.cpp, line 1169]
Event: 0.102 Thread 0x00404800 Exception <a 'java/lang/NoSuchFieldError': method resolution failed> (0x047886a0) thrown at [C:\jenkins\workspace\8-2-build-windows-i586-cygwin\jdk8u291\1294\hotspot\src\share\vm\prims\methodHandles.cpp, line 1169]
Event: 0.131 Thread 0x00404800 Exception <a 'java/io/FileNotFoundException'> (0x04813ff0) thrown at [C:\jenkins\workspace\8-2-build-windows-i586-cygwin\jdk8u291\1294\hotspot\src\share\vm\prims\jni.cpp, line 710]
Event: 0.202 Thread 0x00404800 Exception <a 'java/io/FileNotFoundException'> (0x04927f00) thrown at [C:\jenkins\workspace\8-2-build-windows-i586-cygwin\jdk8u291\1294\hotspot\src\share\vm\prims\jni.cpp, line 710]
Event: 0.202 Thread 0x00404800 Exception <a 'java/lang/NullPointerException'> (0x04928690) thrown at [C:\jenkins\workspace\8-2-build-windows-i586-cygwin\jdk8u291\1294\hotspot\src\share\vm\interpreter\linkResolver.cpp, line 1185]

Events (10 events):
Event: 10.678 Executing VM operation: RevokeBias
Event: 10.679 Executing VM operation: RevokeBias done
Event: 10.683 Executing VM operation: RevokeBias
Event: 10.683 Executing VM operation: RevokeBias done
Event: 10.684 Executing VM operation: RevokeBias
Event: 10.685 Executing VM operation: RevokeBias done
Event: 11.407 Thread 0x004a4400 flushing nmethod 0x0254af08
Event: 11.963 Executing VM operation: RevokeBias
Event: 11.963 Executing VM operation: RevokeBias done
Event: 11.963 Thread 0x15c8bc00 Thread exited: 0x15c8bc00


Dynamic libraries:
0x00250000 - 0x0028e000 	C:\Program Files (x86)\Java\jdk1.8.0_291\jre\bin\java.exe
0x76f40000 - 0x770c0000 	C:\Windows\SysWOW64\ntdll.dll
0x76550000 - 0x76660000 	C:\Windows\syswow64\kernel32.dll
0x76660000 - 0x766a7000 	C:\Windows\syswow64\KERNELBASE.dll
0x75ff0000 - 0x76091000 	C:\Windows\syswow64\ADVAPI32.dll
0x76180000 - 0x7622c000 	C:\Windows\syswow64\msvcrt.dll
0x76350000 - 0x76369000 	C:\Windows\SysWOW64\sechost.dll
0x76370000 - 0x76460000 	C:\Windows\syswow64\RPCRT4.dll
0x74660000 - 0x746c0000 	C:\Windows\syswow64\SspiCli.dll
0x74650000 - 0x7465c000 	C:\Windows\syswow64\CRYPTBASE.dll
0x76230000 - 0x76330000 	C:\Windows\syswow64\USER32.dll
0x75250000 - 0x752e0000 	C:\Windows\syswow64\GDI32.dll
0x76330000 - 0x7633a000 	C:\Windows\syswow64\LPK.dll
0x760e0000 - 0x7617d000 	C:\Windows\syswow64\USP10.dll
0x742b0000 - 0x7444e000 	C:\Windows\WinSxS\x86_microsoft.windows.common-controls_6595b64144ccf1df_6.0.7601.24483_none_2b200f664577e14b\COMCTL32.dll
0x74b00000 - 0x74b57000 	C:\Windows\syswow64\SHLWAPI.dll
0x76b00000 - 0x76b60000 	C:\Windows\system32\IMM32.DLL
0x76470000 - 0x7653e000 	C:\Windows\syswow64\MSCTF.dll
0x73010000 - 0x73013000 	C:\Windows\system32\api-ms-win-core-synch-l1-2-0.DLL
0x721f0000 - 0x72203000 	C:\Program Files (x86)\Java\jdk1.8.0_291\jre\bin\vcruntime140.dll
0x721e0000 - 0x721e4000 	C:\Program Files (x86)\Java\jdk1.8.0_291\jre\bin\api-ms-win-crt-runtime-l1-1-0.dll
0x6ca40000 - 0x6cb5f000 	C:\Program Files (x86)\Java\jdk1.8.0_291\jre\bin\ucrtbase.DLL
0x71e70000 - 0x71e73000 	C:\Program Files (x86)\Java\jdk1.8.0_291\jre\bin\api-ms-win-core-localization-l1-2-0.dll
0x71e60000 - 0x71e63000 	C:\Program Files (x86)\Java\jdk1.8.0_291\jre\bin\api-ms-win-core-processthreads-l1-1-1.dll
0x71e50000 - 0x71e53000 	C:\Program Files (x86)\Java\jdk1.8.0_291\jre\bin\api-ms-win-core-file-l1-2-0.dll
0x71e40000 - 0x71e43000 	C:\Program Files (x86)\Java\jdk1.8.0_291\jre\bin\api-ms-win-core-timezone-l1-1-0.dll
0x71e30000 - 0x71e33000 	C:\Program Files (x86)\Java\jdk1.8.0_291\jre\bin\api-ms-win-core-file-l2-1-0.dll
0x734c0000 - 0x734c3000 	C:\Program Files (x86)\Java\jdk1.8.0_291\jre\bin\api-ms-win-crt-heap-l1-1-0.dll
0x721d0000 - 0x721d4000 	C:\Program Files (x86)\Java\jdk1.8.0_291\jre\bin\api-ms-win-crt-string-l1-1-0.dll
0x721b0000 - 0x721b4000 	C:\Program Files (x86)\Java\jdk1.8.0_291\jre\bin\api-ms-win-crt-stdio-l1-1-0.dll
0x721c0000 - 0x721c4000 	C:\Program Files (x86)\Java\jdk1.8.0_291\jre\bin\api-ms-win-crt-convert-l1-1-0.dll
0x6ed00000 - 0x6ed6f000 	C:\Program Files (x86)\Java\jdk1.8.0_291\jre\bin\msvcp140.dll
0x71310000 - 0x71313000 	C:\Program Files (x86)\Java\jdk1.8.0_291\jre\bin\api-ms-win-crt-locale-l1-1-0.dll
0x720f0000 - 0x720f5000 	C:\Program Files (x86)\Java\jdk1.8.0_291\jre\bin\api-ms-win-crt-math-l1-1-0.dll
0x71d30000 - 0x71d33000 	C:\Program Files (x86)\Java\jdk1.8.0_291\jre\bin\api-ms-win-crt-filesystem-l1-1-0.dll
0x71320000 - 0x71323000 	C:\Program Files (x86)\Java\jdk1.8.0_291\jre\bin\api-ms-win-crt-time-l1-1-0.dll
0x720e0000 - 0x720e3000 	C:\Program Files (x86)\Java\jdk1.8.0_291\jre\bin\api-ms-win-crt-environment-l1-1-0.dll
0x71d20000 - 0x71d23000 	C:\Program Files (x86)\Java\jdk1.8.0_291\jre\bin\api-ms-win-crt-utility-l1-1-0.dll
0x535a0000 - 0x5397e000 	C:\Program Files (x86)\Java\jdk1.8.0_291\jre\bin\client\jvm.dll
0x72a80000 - 0x72a87000 	C:\Windows\system32\WSOCK32.dll
0x760a0000 - 0x760d5000 	C:\Windows\syswow64\WS2_32.dll
0x74e00000 - 0x74e06000 	C:\Windows\syswow64\NSI.dll
0x74110000 - 0x74142000 	C:\Windows\system32\WINMM.dll
0x731c0000 - 0x731c9000 	C:\Windows\system32\VERSION.dll
0x76540000 - 0x76545000 	C:\Windows\syswow64\PSAPI.DLL
0x71330000 - 0x7133d000 	C:\Program Files (x86)\Java\jdk1.8.0_291\jre\bin\verify.dll
0x71280000 - 0x712a4000 	C:\Program Files (x86)\Java\jdk1.8.0_291\jre\bin\java.dll
0x6f2e0000 - 0x6f2f4000 	C:\Program Files (x86)\Java\jdk1.8.0_291\jre\bin\zip.dll
0x752e0000 - 0x75f2c000 	C:\Windows\syswow64\SHELL32.dll
0x74980000 - 0x74adf000 	C:\Windows\syswow64\ole32.dll
0x76ad0000 - 0x76adb000 	C:\Windows\syswow64\profapi.dll
0x6d070000 - 0x6d1bb000 	C:\Program Files (x86)\Java\jdk1.8.0_291\jre\bin\awt.dll
0x748d0000 - 0x74962000 	C:\Windows\syswow64\OLEAUT32.dll
0x74220000 - 0x74233000 	C:\Windows\system32\DWMAPI.DLL
0x67520000 - 0x675e8000 	C:\Windows\system32\opengl32.dll
0x672c0000 - 0x672e2000 	C:\Windows\system32\GLU32.dll
0x671d0000 - 0x672b7000 	C:\Windows\system32\DDRAW.dll
0x6c760000 - 0x6c766000 	C:\Windows\system32\DCIMAN32.dll
0x746c0000 - 0x7485d000 	C:\Windows\syswow64\SETUPAPI.dll
0x74dd0000 - 0x74df7000 	C:\Windows\syswow64\CFGMGR32.dll
0x748b0000 - 0x748c2000 	C:\Windows\syswow64\DEVOBJ.dll
0x74080000 - 0x74100000 	C:\Windows\system32\uxtheme.dll
0x6f280000 - 0x6f2bd000 	C:\Program Files (x86)\Java\jdk1.8.0_291\jre\bin\fontmanager.dll
0x6f2c0000 - 0x6f2d7000 	C:\Program Files (x86)\Java\jdk1.8.0_291\jre\bin\net.dll
0x73180000 - 0x731bc000 	C:\Windows\system32\mswsock.dll
0x745b0000 - 0x745b6000 	C:\Windows\System32\wship6.dll
0x70d30000 - 0x70d3f000 	C:\Program Files (x86)\Java\jdk1.8.0_291\jre\bin\nio.dll
0x6efa0000 - 0x6efd7000 	C:\Program Files (x86)\Java\jdk1.8.0_291\jre\bin\t2k.dll
0x02070000 - 0x02098000 	C:\Windows\System32\Jpcap.dll
0x044b0000 - 0x044fc000 	C:\Windows\system32\wpcap.dll
0x04540000 - 0x04558000 	C:\Windows\system32\packet.dll
0x73100000 - 0x7311c000 	C:\Windows\system32\iphlpapi.dll
0x73130000 - 0x73137000 	C:\Windows\system32\WINNSI.DLL
0x74210000 - 0x7421d000 	C:\Windows\system32\dhcpcsvc6.DLL
0x73a10000 - 0x73a22000 	C:\Windows\system32\dhcpcsvc.DLL
0x74bf0000 - 0x74c73000 	C:\Windows\syswow64\CLBCatQ.DLL
0x6ae40000 - 0x6af71000 	C:\Windows\system32\WindowsCodecs.dll
0x73a30000 - 0x73a7c000 	C:\Windows\system32\apphelp.dll
0x6cfd0000 - 0x6d001000 	C:\Windows\system32\EhStorShell.dll
0x67330000 - 0x67425000 	C:\Windows\system32\PROPSYS.dll
0x6cef0000 - 0x6cf60000 	C:\Windows\system32\ntshrui.dll
0x72dc0000 - 0x72dd9000 	C:\Windows\system32\srvcli.dll
0x6ece0000 - 0x6eceb000 	C:\Windows\system32\cscapi.dll
0x72af0000 - 0x72afa000 	C:\Windows\system32\slc.dll
0x72970000 - 0x72a5b000 	C:\Windows\system32\dbghelp.dll

VM Arguments:
jvm_args: -Dfile.encoding=UTF-8 
java_command: PacketSniffer.Sniffer
java_class_path (initial): C:\Users\Gupta\Documents\NetBeansProjects\Packet_Sniffer-master\Packet Capture + Example\jars\dev-classes_net.ultrametrics-0.03.jar;C:\Users\Gupta\Documents\NetBeansProjects\Packet_Sniffer-master\Packet Capture + Example\jars\fooware_CommandLine-1.0.jar;C:\Users\Gupta\Documents\NetBeansProjects\Packet_Sniffer-master\Packet Capture + Example\jars\javadoc_net.sourceforge.jpcap-0.01.16.jar;C:\Users\Gupta\Documents\NetBeansProjects\Packet_Sniffer-master\Packet Capture + Example\jars\net.sourceforge.jpcap-0.01.16.jar;C:\Windows\Sun\Java\lib\ext\jpcap.jar;C:\Users\Gupta\Documents\NetBeansProjects\Packet_Sniffer-master\build\classes
Launcher Type: SUN_STANDARD

Environment Variables:
JAVA_HOME=C:\Program Files\Java\jdk1.8.0_202\bin;
PATH=C:\Program Files (x86)\Common Files\Oracle\Java\javapath;C:\product\11.2.0\client_1\bin;C:\Windows\system32;C:\Windows;C:\Windows\System32\Wbem;C:\Windows\System32\WindowsPowerShell\v1.0\;C:\Users\Gupta\AppData\Local\Programs\Python\Python38\Scripts\;C:\Users\Gupta\AppData\Local\Programs\Python\Python38\;C:\Program Files\JetBrains\PyCharm Community Edition 2020.3.1\bin;;C:\Program Files\Java\jdk1.8.0_202\bin;C:\Users\Gupta\AppData\Local\Programs\Python\Python38\Lib\site-packages\nmap
USERNAME=Gupta
OS=Windows_NT
PROCESSOR_IDENTIFIER=Intel64 Family 6 Model 37 Stepping 2, GenuineIntel



---------------  S Y S T E M  ---------------

OS: Windows 7 , 64 bit Build 7601 (6.1.7601.24545)

CPU:total 4 (initial active 4) (2 cores per cpu, 2 threads per core) family 6 model 37 stepping 2, cmov, cx8, fxsr, mmx, sse, sse2, sse3, ssse3, sse4.1, sse4.2, popcnt, ht, tsc, tscinvbit

Memory: 4k page, physical 7460176k(4013520k free), swap 14918452k(11134996k free)

vm_info: Java HotSpot(TM) Client VM (25.291-b10) for windows-x86 JRE (1.8.0_291-b10), built on Apr  9 2021 04:22:09 by "java_re" with MS VC++ 15.9 (VS2017)

time: Mon Jul 19 09:29:10 2021
timezone: Sri Lanka Standard Time
elapsed time: 12.616596 seconds (0d 0h 0m 12s)

