#
# A fatal error has been detected by the Java Runtime Environment:
#
#  EXCEPTION_ACCESS_VIOLATION (0xc0000005) at pc=0x70ad6ee0, pid=6052, tid=0x00000984
#
# JRE version: Java(TM) SE Runtime Environment (8.0_291-b10) (build 1.8.0_291-b10)
# Java VM: Java HotSpot(TM) Client VM (25.291-b10 mixed mode, sharing windows-x86 )
# Problematic frame:
# V  [jvm.dll+0xe6ee0]
#
# Failed to write core dump. Minidumps are not enabled by default on client versions of Windows
#
# If you would like to submit a bug report, please visit:
#   http://bugreport.java.com/bugreport/crash.jsp
#

---------------  T H R E A D  ---------------

Current thread (0x16287000):  JavaThread "AWT-EventQueue-0" [_thread_in_vm, id=2436, stack(0x164c0000,0x16510000)]

siginfo: ExceptionCode=0xc0000005, reading address 0x00000000

Registers:
EAX=0x00000006, EBX=0x00000000, ECX=0x4fbcabe0, EDX=0x0000000c
ESP=0x1650dac8, EBP=0x1650daf8, ESI=0x16287000, EDI=0x16287000
EIP=0x70ad6ee0, EFLAGS=0x00010246

Top of Stack: (sp=0x1650dac8)
0x1650dac8:   16287000 16287150 1650e384 16287000
0x1650dad8:   16287000 4fbcaa4c 0a07ce20 09fe5918
0x1650dae8:   16287000 00000000 40991701 1650dd2c
0x1650daf8:   00000000 022c1c0b 00000000 00000000
0x1650db08:   00000000 16287000 150a2200 1650e36c
0x1650db18:   150a2208 4fbcaa68 1650db4c 70a73393
0x1650db28:   1650db60 02704864 156319a8 02704864
0x1650db38:   04c1f7d0 00000000 1650db40 14a56665 

Instructions: (pc=0x70ad6ee0)
0x70ad6ec0:   bc f2 0c 00 8b 5d 0c c7 45 08 00 00 00 00 f6 c3
0x70ad6ed0:   01 74 0d 53 e8 77 f5 07 00 83 c4 04 8b d8 eb 02
0x70ad6ee0:   8b 1b a1 f8 c8 d7 70 83 3c 18 00 74 4c 53 e8 bd
0x70ad6ef0:   3e f6 ff 83 c4 04 8d 4d dc 8b f8 6a 00 6a 00 e8 


Register to memory mapping:

EAX=0x00000006 is an unknown value
EBX=0x00000000 is an unknown value
ECX=0x4fbcabe0 is an unknown value
EDX=0x0000000c is an unknown value
ESP=0x1650dac8 is pointing into the stack for thread: 0x16287000
EBP=0x1650daf8 is pointing into the stack for thread: 0x16287000
ESI=0x16287000 is a thread
EDI=0x16287000 is a thread


Stack: [0x164c0000,0x16510000],  sp=0x1650dac8,  free space=310k
Native frames: (J=compiled Java code, j=interpreted, Vv=VM code, C=native code)
V  [jvm.dll+0xe6ee0]
C  [Jpcap.dll+0x1c0b]

Java frames: (J=compiled Java code, j=interpreted, Vv=VM code)
j  jpcap.JpcapCaptor.setFilter(Ljava/lang/String;Z)V+0
j  PacketSniffer.Sniffer$14.actionPerformed(Ljava/awt/event/ActionEvent;)V+47
j  java.awt.AWTEventMulticaster.actionPerformed(Ljava/awt/event/ActionEvent;)V+21
j  java.awt.Button.processActionEvent(Ljava/awt/event/ActionEvent;)V+11
j  java.awt.Button.processEvent(Ljava/awt/AWTEvent;)V+12
J 693 C1 java.awt.Component.dispatchEventImpl(Ljava/awt/AWTEvent;)V (921 bytes) @ 0x02883794 [0x02882770+0x1024]
J 683 C1 java.awt.EventQueue.dispatchEventImpl(Ljava/awt/AWTEvent;Ljava/lang/Object;)V (149 bytes) @ 0x0287259c [0x02872150+0x44c]
J 646 C1 java.awt.EventQueue$3.run()Ljava/lang/Void; (60 bytes) @ 0x0285e69c [0x0285e640+0x5c]
J 645 C1 java.awt.EventQueue$3.run()Ljava/lang/Object; (5 bytes) @ 0x0285e420 [0x0285e400+0x20]
v  ~StubRoutines::call_stub
J 539  java.security.AccessController.doPrivileged(Ljava/security/PrivilegedAction;Ljava/security/AccessControlContext;)Ljava/lang/Object; (0 bytes) @ 0x02843a47 [0x028439e0+0x67]
J 664 C1 java.awt.EventQueue$4.run()Ljava/lang/Object; (5 bytes) @ 0x02869ed8 [0x02869e10+0xc8]
v  ~StubRoutines::call_stub
J 539  java.security.AccessController.doPrivileged(Ljava/security/PrivilegedAction;Ljava/security/AccessControlContext;)Ljava/lang/Object; (0 bytes) @ 0x02843a47 [0x028439e0+0x67]
J 681 C1 java.awt.EventQueue.dispatchEvent(Ljava/awt/AWTEvent;)V (80 bytes) @ 0x028711dc [0x02870e80+0x35c]
J 648 C1 java.awt.EventDispatchThread.pumpOneEventForFilters(I)V (190 bytes) @ 0x0285f118 [0x0285ed20+0x3f8]
j  java.awt.EventDispatchThread.pumpEventsForFilter(ILjava/awt/Conditional;Ljava/awt/EventFilter;)V+35
j  java.awt.EventDispatchThread.pumpEventsForHierarchy(ILjava/awt/Conditional;Ljava/awt/Component;)V+11
j  java.awt.EventDispatchThread.pumpEvents(ILjava/awt/Conditional;)V+4
j  java.awt.EventDispatchThread.pumpEvents(Ljava/awt/Conditional;)V+3
j  java.awt.EventDispatchThread.run()V+9
v  ~StubRoutines::call_stub

---------------  P R O C E S S  ---------------

Java Threads: ( => current thread )
  0x005a4400 JavaThread "DestroyJavaVM" [_thread_blocked, id=6584, stack(0x009d0000,0x00a20000)]
  0x163acc00 JavaThread "TimerQueue" daemon [_thread_blocked, id=736, stack(0x176b0000,0x17700000)]
=>0x16287000 JavaThread "AWT-EventQueue-0" [_thread_in_vm, id=2436, stack(0x164c0000,0x16510000)]
  0x1625ac00 JavaThread "AWT-Windows" daemon [_thread_in_native, id=4160, stack(0x16510000,0x16560000)]
  0x16257400 JavaThread "AWT-Shutdown" [_thread_blocked, id=3956, stack(0x15f90000,0x15fe0000)]
  0x16251c00 JavaThread "Java2D Disposer" daemon [_thread_blocked, id=6984, stack(0x00a20000,0x00a70000)]
  0x0065f800 JavaThread "Service Thread" daemon [_thread_blocked, id=2416, stack(0x15aa0000,0x15af0000)]
  0x0063f800 JavaThread "C1 CompilerThread0" daemon [_thread_blocked, id=5652, stack(0x047a0000,0x047f0000)]
  0x0063d800 JavaThread "Attach Listener" daemon [_thread_blocked, id=6212, stack(0x159f0000,0x15a40000)]
  0x0063a800 JavaThread "Signal Dispatcher" daemon [_thread_blocked, id=3680, stack(0x15b10000,0x15b60000)]
  0x0062b800 JavaThread "Finalizer" daemon [_thread_blocked, id=6648, stack(0x15360000,0x153b0000)]
  0x005cec00 JavaThread "Reference Handler" daemon [_thread_blocked, id=3900, stack(0x04750000,0x047a0000)]

Other Threads:
  0x005c9400 VMThread [stack: 0x00460000,0x004b0000] [id=4316]
  0x15cd2000 WatcherThread [stack: 0x15bb0000,0x15c00000] [id=6960]

VM state:not at safepoint (normal execution)

VM Mutex/Monitor currently owned by a thread: None

Heap:
 def new generation   total 4928K, used 4377K [0x04800000, 0x04d50000, 0x09d50000)
  eden space 4416K,  97% used [0x04800000, 0x04c33db0, 0x04c50000)
  from space 512K,  14% used [0x04cd0000, 0x04ce27a8, 0x04d50000)
  to   space 512K,   0% used [0x04c50000, 0x04c50000, 0x04cd0000)
 tenured generation   total 10944K, used 7050K [0x09d50000, 0x0a800000, 0x14800000)
   the space 10944K,  64% used [0x09d50000, 0x0a432bb0, 0x0a432c00, 0x0a800000)
 Metaspace       used 875K, capacity 2662K, committed 2752K, reserved 4480K

Card table byte_map: [0x00300000,0x00390000] byte_map_base: 0x002dc000

Polling page: 0x000e0000

CodeCache: size=32768Kb used=1766Kb max_used=1766Kb free=31002Kb
 bounds [0x02700000, 0x028c0000, 0x04700000]
 total_blobs=1074 nmethods=845 adapters=159
 compilation: enabled

Compilation events (10 events):
Event: 59.368 Thread 0x0063f800  852             java.util.WeakHashMap::hash (28 bytes)
Event: 59.368 Thread 0x0063f800 nmethod 852 0x028b8d08 code [0x028b8e10, 0x028b8ebc]
Event: 61.345 Thread 0x0063f800  853             java.util.WeakHashMap::get (77 bytes)
Event: 61.346 Thread 0x0063f800 nmethod 853 0x028b8f48 code [0x028b9070, 0x028b9214]
Event: 64.376 Thread 0x0063f800  854             java.util.concurrent.locks.AbstractQueuedSynchronizer$ConditionObject::doSignalAll (36 bytes)
Event: 64.377 Thread 0x0063f800 nmethod 854 0x028b93c8 code [0x028b94d0, 0x028b95cc]
Event: 64.946 Thread 0x0063f800  855   !         java.awt.EventQueue::isDispatchThreadImpl (99 bytes)
Event: 64.947 Thread 0x0063f800 nmethod 855 0x028b96c8 code [0x028b9810, 0x028b99dc]
Event: 65.970 Thread 0x0063f800  856             javax.swing.SwingUtilities::computeIntersection (189 bytes)
Event: 65.971 Thread 0x0063f800 nmethod 856 0x028b9bc8 code [0x028b9cc0, 0x028b9dd0]

GC Heap History (10 events):
Event: 6.427 GC heap before
{Heap before GC invocations=12 (full 0):
 def new generation   total 4928K, used 4486K [0x04800000, 0x04d50000, 0x09d50000)
  eden space 4416K,  99% used [0x04800000, 0x04c4fb98, 0x04c50000)
  from space 512K,  13% used [0x04c50000, 0x04c61e80, 0x04cd0000)
  to   space 512K,   0% used [0x04cd0000, 0x04cd0000, 0x04d50000)
 tenured generation   total 10944K, used 3239K [0x09d50000, 0x0a800000, 0x14800000)
   the space 10944K,  29% used [0x09d50000, 0x0a079e10, 0x0a07a000, 0x0a800000)
 Metaspace       used 575K, capacity 2645K, committed 2752K, reserved 4480K
Event: 6.428 GC heap after
Heap after GC invocations=13 (full 0):
 def new generation   total 4928K, used 72K [0x04800000, 0x04d50000, 0x09d50000)
  eden space 4416K,   0% used [0x04800000, 0x04800000, 0x04c50000)
  from space 512K,  14% used [0x04cd0000, 0x04ce2028, 0x04d50000)
  to   space 512K,   0% used [0x04c50000, 0x04c50000, 0x04cd0000)
 tenured generation   total 10944K, used 3239K [0x09d50000, 0x0a800000, 0x14800000)
   the space 10944K,  29% used [0x09d50000, 0x0a079e10, 0x0a07a000, 0x0a800000)
 Metaspace       used 575K, capacity 2645K, committed 2752K, reserved 4480K
}
Event: 6.648 GC heap before
{Heap before GC invocations=13 (full 0):
 def new generation   total 4928K, used 4430K [0x04800000, 0x04d50000, 0x09d50000)
  eden space 4416K,  98% used [0x04800000, 0x04c41888, 0x04c50000)
  from space 512K,  14% used [0x04cd0000, 0x04ce2028, 0x04d50000)
  to   space 512K,   0% used [0x04c50000, 0x04c50000, 0x04cd0000)
 tenured generation   total 10944K, used 3239K [0x09d50000, 0x0a800000, 0x14800000)
   the space 10944K,  29% used [0x09d50000, 0x0a079e10, 0x0a07a000, 0x0a800000)
 Metaspace       used 575K, capacity 2645K, committed 2752K, reserved 4480K
Event: 6.649 GC heap after
Heap after GC invocations=14 (full 0):
 def new generation   total 4928K, used 70K [0x04800000, 0x04d50000, 0x09d50000)
  eden space 4416K,   0% used [0x04800000, 0x04800000, 0x04c50000)
  from space 512K,  13% used [0x04c50000, 0x04c61828, 0x04cd0000)
  to   space 512K,   0% used [0x04cd0000, 0x04cd0000, 0x04d50000)
 tenured generation   total 10944K, used 3239K [0x09d50000, 0x0a800000, 0x14800000)
   the space 10944K,  29% used [0x09d50000, 0x0a079e10, 0x0a07a000, 0x0a800000)
 Metaspace       used 575K, capacity 2645K, committed 2752K, reserved 4480K
}
Event: 6.678 GC heap before
{Heap before GC invocations=14 (full 0):
 def new generation   total 4928K, used 2390K [0x04800000, 0x04d50000, 0x09d50000)
  eden space 4416K,  52% used [0x04800000, 0x04a44048, 0x04c50000)
  from space 512K,  13% used [0x04c50000, 0x04c61828, 0x04cd0000)
  to   space 512K,   0% used [0x04cd0000, 0x04cd0000, 0x04d50000)
 tenured generation   total 10944K, used 3239K [0x09d50000, 0x0a800000, 0x14800000)
   the space 10944K,  29% used [0x09d50000, 0x0a079e10, 0x0a07a000, 0x0a800000)
 Metaspace       used 575K, capacity 2645K, committed 2752K, reserved 4480K
Event: 6.680 GC heap after
Heap after GC invocations=15 (full 0):
 def new generation   total 4928K, used 68K [0x04800000, 0x04d50000, 0x09d50000)
  eden space 4416K,   0% used [0x04800000, 0x04800000, 0x04c50000)
  from space 512K,  13% used [0x04cd0000, 0x04ce12f8, 0x04d50000)
  to   space 512K,   0% used [0x04c50000, 0x04c50000, 0x04cd0000)
 tenured generation   total 10944K, used 3239K [0x09d50000, 0x0a800000, 0x14800000)
   the space 10944K,  29% used [0x09d50000, 0x0a079e10, 0x0a07a000, 0x0a800000)
 Metaspace       used 575K, capacity 2645K, committed 2752K, reserved 4480K
}
Event: 8.445 GC heap before
{Heap before GC invocations=15 (full 0):
 def new generation   total 4928K, used 2326K [0x04800000, 0x04d50000, 0x09d50000)
  eden space 4416K,  51% used [0x04800000, 0x04a346d8, 0x04c50000)
  from space 512K,  13% used [0x04cd0000, 0x04ce12f8, 0x04d50000)
  to   space 512K,   0% used [0x04c50000, 0x04c50000, 0x04cd0000)
 tenured generation   total 10944K, used 3239K [0x09d50000, 0x0a800000, 0x14800000)
   the space 10944K,  29% used [0x09d50000, 0x0a079e10, 0x0a07a000, 0x0a800000)
 Metaspace       used 575K, capacity 2645K, committed 2752K, reserved 4480K
Event: 8.447 GC heap after
Heap after GC invocations=16 (full 0):
 def new generation   total 4928K, used 68K [0x04800000, 0x04d50000, 0x09d50000)
  eden space 4416K,   0% used [0x04800000, 0x04800000, 0x04c50000)
  from space 512K,  13% used [0x04c50000, 0x04c610d8, 0x04cd0000)
  to   space 512K,   0% used [0x04cd0000, 0x04cd0000, 0x04d50000)
 tenured generation   total 10944K, used 3239K [0x09d50000, 0x0a800000, 0x14800000)
   the space 10944K,  29% used [0x09d50000, 0x0a079e10, 0x0a07a000, 0x0a800000)
 Metaspace       used 575K, capacity 2645K, committed 2752K, reserved 4480K
}
Event: 12.363 GC heap before
{Heap before GC invocations=16 (full 0):
 def new generation   total 4928K, used 4484K [0x04800000, 0x04d50000, 0x09d50000)
  eden space 4416K, 100% used [0x04800000, 0x04c50000, 0x04c50000)
  from space 512K,  13% used [0x04c50000, 0x04c610d8, 0x04cd0000)
  to   space 512K,   0% used [0x04cd0000, 0x04cd0000, 0x04d50000)
 tenured generation   total 10944K, used 3239K [0x09d50000, 0x0a800000, 0x14800000)
   the space 10944K,  29% used [0x09d50000, 0x0a079e10, 0x0a07a000, 0x0a800000)
 Metaspace       used 737K, capacity 2662K, committed 2752K, reserved 4480K
Event: 12.367 GC heap after
Heap after GC invocations=17 (full 0):
 def new generation   total 4928K, used 73K [0x04800000, 0x04d50000, 0x09d50000)
  eden space 4416K,   0% used [0x04800000, 0x04800000, 0x04c50000)
  from space 512K,  14% used [0x04cd0000, 0x04ce27a8, 0x04d50000)
  to   space 512K,   0% used [0x04c50000, 0x04c50000, 0x04cd0000)
 tenured generation   total 10944K, used 7050K [0x09d50000, 0x0a800000, 0x14800000)
   the space 10944K,  64% used [0x09d50000, 0x0a432bb0, 0x0a432c00, 0x0a800000)
 Metaspace       used 737K, capacity 2662K, committed 2752K, reserved 4480K
}

Deoptimization events (0 events):
No events

Classes redefined (0 events):
No events

Internal exceptions (10 events):
Event: 0.102 Thread 0x005a4400 Exception <a 'java/security/PrivilegedActionException'> (0x048b78c8) thrown at [C:\jenkins\workspace\8-2-build-windows-i586-cygwin\jdk8u291\1294\hotspot\src\share\vm\prims\jvm.cpp, line 1523]
Event: 0.102 Thread 0x005a4400 Exception <a 'java/security/PrivilegedActionException'> (0x048b7ac8) thrown at [C:\jenkins\workspace\8-2-build-windows-i586-cygwin\jdk8u291\1294\hotspot\src\share\vm\prims\jvm.cpp, line 1523]
Event: 0.103 Thread 0x005a4400 Exception <a 'java/security/PrivilegedActionException'> (0x048bbc18) thrown at [C:\jenkins\workspace\8-2-build-windows-i586-cygwin\jdk8u291\1294\hotspot\src\share\vm\prims\jvm.cpp, line 1523]
Event: 0.103 Thread 0x005a4400 Exception <a 'java/security/PrivilegedActionException'> (0x048bbe18) thrown at [C:\jenkins\workspace\8-2-build-windows-i586-cygwin\jdk8u291\1294\hotspot\src\share\vm\prims\jvm.cpp, line 1523]
Event: 0.107 Thread 0x005a4400 Exception <a 'java/io/FileNotFoundException'> (0x048bddf8) thrown at [C:\jenkins\workspace\8-2-build-windows-i586-cygwin\jdk8u291\1294\hotspot\src\share\vm\prims\jni.cpp, line 710]
Event: 0.148 Thread 0x005a4400 Exception <a 'java/lang/NoSuchFieldError': method resolution failed> (0x0497c100) thrown at [C:\jenkins\workspace\8-2-build-windows-i586-cygwin\jdk8u291\1294\hotspot\src\share\vm\prims\methodHandles.cpp, line 1169]
Event: 0.150 Thread 0x005a4400 Exception <a 'java/lang/NoSuchFieldError': method resolution failed> (0x049882c0) thrown at [C:\jenkins\workspace\8-2-build-windows-i586-cygwin\jdk8u291\1294\hotspot\src\share\vm\prims\methodHandles.cpp, line 1169]
Event: 0.181 Thread 0x005a4400 Exception <a 'java/io/FileNotFoundException'> (0x04a13658) thrown at [C:\jenkins\workspace\8-2-build-windows-i586-cygwin\jdk8u291\1294\hotspot\src\share\vm\prims\jni.cpp, line 710]
Event: 0.269 Thread 0x005a4400 Exception <a 'java/io/FileNotFoundException'> (0x04b46de0) thrown at [C:\jenkins\workspace\8-2-build-windows-i586-cygwin\jdk8u291\1294\hotspot\src\share\vm\prims\jni.cpp, line 710]
Event: 0.269 Thread 0x005a4400 Exception <a 'java/lang/NullPointerException'> (0x04b47570) thrown at [C:\jenkins\workspace\8-2-build-windows-i586-cygwin\jdk8u291\1294\hotspot\src\share\vm\interpreter\linkResolver.cpp, line 1185]

Events (10 events):
Event: 64.950 Executing VM operation: RevokeBias
Event: 64.950 Executing VM operation: RevokeBias done
Event: 64.951 Executing VM operation: RevokeBias
Event: 64.951 Executing VM operation: RevokeBias done
Event: 64.951 Executing VM operation: RevokeBias
Event: 64.951 Executing VM operation: RevokeBias done
Event: 64.953 Executing VM operation: RevokeBias
Event: 64.953 Executing VM operation: RevokeBias done
Event: 64.954 Executing VM operation: RevokeBias
Event: 64.954 Executing VM operation: RevokeBias done


Dynamic libraries:
0x00b00000 - 0x00b3e000 	C:\Program Files (x86)\Java\jdk1.8.0_291\jre\bin\java.exe
0x77520000 - 0x776a0000 	C:\Windows\SysWOW64\ntdll.dll
0x75280000 - 0x75390000 	C:\Windows\syswow64\kernel32.dll
0x75770000 - 0x757b7000 	C:\Windows\syswow64\KERNELBASE.dll
0x75180000 - 0x75221000 	C:\Windows\syswow64\ADVAPI32.dll
0x75860000 - 0x7590c000 	C:\Windows\syswow64\msvcrt.dll
0x75390000 - 0x753a9000 	C:\Windows\SysWOW64\sechost.dll
0x74e00000 - 0x74ef0000 	C:\Windows\syswow64\RPCRT4.dll
0x74c40000 - 0x74ca0000 	C:\Windows\syswow64\SspiCli.dll
0x74c30000 - 0x74c3c000 	C:\Windows\syswow64\CRYPTBASE.dll
0x76db0000 - 0x76eb0000 	C:\Windows\syswow64\USER32.dll
0x76f50000 - 0x76fe0000 	C:\Windows\syswow64\GDI32.dll
0x757c0000 - 0x757ca000 	C:\Windows\syswow64\LPK.dll
0x76eb0000 - 0x76f4d000 	C:\Windows\syswow64\USP10.dll
0x73430000 - 0x735ce000 	C:\Windows\WinSxS\x86_microsoft.windows.common-controls_6595b64144ccf1df_6.0.7601.24483_none_2b200f664577e14b\COMCTL32.dll
0x75a50000 - 0x75aa7000 	C:\Windows\syswow64\SHLWAPI.dll
0x750c0000 - 0x75120000 	C:\Windows\system32\IMM32.DLL
0x74cc0000 - 0x74d8e000 	C:\Windows\syswow64\MSCTF.dll
0x735e0000 - 0x735e3000 	C:\Windows\system32\api-ms-win-core-synch-l1-2-0.DLL
0x74ae0000 - 0x74af3000 	C:\Program Files (x86)\Java\jdk1.8.0_291\jre\bin\vcruntime140.dll
0x74bf0000 - 0x74bf4000 	C:\Program Files (x86)\Java\jdk1.8.0_291\jre\bin\api-ms-win-crt-runtime-l1-1-0.dll
0x74330000 - 0x7444f000 	C:\Program Files (x86)\Java\jdk1.8.0_291\jre\bin\ucrtbase.DLL
0x74780000 - 0x74783000 	C:\Program Files (x86)\Java\jdk1.8.0_291\jre\bin\api-ms-win-core-localization-l1-2-0.dll
0x74aa0000 - 0x74aa3000 	C:\Program Files (x86)\Java\jdk1.8.0_291\jre\bin\api-ms-win-core-processthreads-l1-1-1.dll
0x74760000 - 0x74763000 	C:\Program Files (x86)\Java\jdk1.8.0_291\jre\bin\api-ms-win-core-file-l1-2-0.dll
0x74770000 - 0x74773000 	C:\Program Files (x86)\Java\jdk1.8.0_291\jre\bin\api-ms-win-core-timezone-l1-1-0.dll
0x74740000 - 0x74743000 	C:\Program Files (x86)\Java\jdk1.8.0_291\jre\bin\api-ms-win-core-file-l2-1-0.dll
0x747a0000 - 0x747a3000 	C:\Program Files (x86)\Java\jdk1.8.0_291\jre\bin\api-ms-win-crt-heap-l1-1-0.dll
0x747b0000 - 0x747b4000 	C:\Program Files (x86)\Java\jdk1.8.0_291\jre\bin\api-ms-win-crt-string-l1-1-0.dll
0x746b0000 - 0x746b4000 	C:\Program Files (x86)\Java\jdk1.8.0_291\jre\bin\api-ms-win-crt-stdio-l1-1-0.dll
0x74790000 - 0x74794000 	C:\Program Files (x86)\Java\jdk1.8.0_291\jre\bin\api-ms-win-crt-convert-l1-1-0.dll
0x72c90000 - 0x72cff000 	C:\Program Files (x86)\Java\jdk1.8.0_291\jre\bin\msvcp140.dll
0x74460000 - 0x74463000 	C:\Program Files (x86)\Java\jdk1.8.0_291\jre\bin\api-ms-win-crt-locale-l1-1-0.dll
0x746a0000 - 0x746a5000 	C:\Program Files (x86)\Java\jdk1.8.0_291\jre\bin\api-ms-win-crt-math-l1-1-0.dll
0x74680000 - 0x74683000 	C:\Program Files (x86)\Java\jdk1.8.0_291\jre\bin\api-ms-win-crt-filesystem-l1-1-0.dll
0x74650000 - 0x74653000 	C:\Program Files (x86)\Java\jdk1.8.0_291\jre\bin\api-ms-win-crt-time-l1-1-0.dll
0x74690000 - 0x74693000 	C:\Program Files (x86)\Java\jdk1.8.0_291\jre\bin\api-ms-win-crt-environment-l1-1-0.dll
0x74670000 - 0x74673000 	C:\Program Files (x86)\Java\jdk1.8.0_291\jre\bin\api-ms-win-crt-utility-l1-1-0.dll
0x709f0000 - 0x70dce000 	C:\Program Files (x86)\Java\jdk1.8.0_291\jre\bin\client\jvm.dll
0x73790000 - 0x73797000 	C:\Windows\system32\WSOCK32.dll
0x76120000 - 0x76155000 	C:\Windows\syswow64\WS2_32.dll
0x74dc0000 - 0x74dc6000 	C:\Windows\syswow64\NSI.dll
0x73bd0000 - 0x73c02000 	C:\Windows\system32\WINMM.dll
0x737a0000 - 0x737a9000 	C:\Windows\system32\VERSION.dll
0x75230000 - 0x75235000 	C:\Windows\syswow64\PSAPI.DLL
0x74660000 - 0x7466d000 	C:\Program Files (x86)\Java\jdk1.8.0_291\jre\bin\verify.dll
0x74230000 - 0x74254000 	C:\Program Files (x86)\Java\jdk1.8.0_291\jre\bin\java.dll
0x74210000 - 0x74224000 	C:\Program Files (x86)\Java\jdk1.8.0_291\jre\bin\zip.dll
0x76160000 - 0x76dac000 	C:\Windows\syswow64\SHELL32.dll
0x76fe0000 - 0x7713f000 	C:\Windows\syswow64\ole32.dll
0x75270000 - 0x7527b000 	C:\Windows\syswow64\profapi.dll
0x72d00000 - 0x72e4b000 	C:\Program Files (x86)\Java\jdk1.8.0_291\jre\bin\awt.dll
0x75490000 - 0x75522000 	C:\Windows\syswow64\OLEAUT32.dll
0x749f0000 - 0x74a03000 	C:\Windows\system32\DWMAPI.DLL
0x6ac80000 - 0x6ad48000 	C:\Windows\system32\opengl32.dll
0x6ac50000 - 0x6ac72000 	C:\Windows\system32\GLU32.dll
0x6ab60000 - 0x6ac47000 	C:\Windows\system32\DDRAW.dll
0x72e60000 - 0x72e66000 	C:\Windows\system32\DCIMAN32.dll
0x75ab0000 - 0x75c4d000 	C:\Windows\syswow64\SETUPAPI.dll
0x75240000 - 0x75267000 	C:\Windows\syswow64\CFGMGR32.dll
0x75160000 - 0x75172000 	C:\Windows\syswow64\DEVOBJ.dll
0x74a20000 - 0x74aa0000 	C:\Windows\system32\uxtheme.dll
0x741b0000 - 0x741ed000 	C:\Program Files (x86)\Java\jdk1.8.0_291\jre\bin\fontmanager.dll
0x757d0000 - 0x75853000 	C:\Windows\syswow64\CLBCatQ.DLL
0x74030000 - 0x74161000 	C:\Windows\system32\WindowsCodecs.dll
0x73fd0000 - 0x7401c000 	C:\Windows\system32\apphelp.dll
0x71b20000 - 0x71b51000 	C:\Windows\system32\EhStorShell.dll
0x6f0f0000 - 0x6f1e5000 	C:\Windows\system32\PROPSYS.dll
0x71140000 - 0x711b0000 	C:\Windows\system32\ntshrui.dll
0x733a0000 - 0x733b9000 	C:\Windows\system32\srvcli.dll
0x5d9f0000 - 0x5d9fb000 	C:\Windows\system32\cscapi.dll
0x74180000 - 0x7418a000 	C:\Windows\system32\slc.dll
0x741f0000 - 0x74207000 	C:\Program Files (x86)\Java\jdk1.8.0_291\jre\bin\net.dll
0x73750000 - 0x7378c000 	C:\Windows\system32\mswsock.dll
0x73e30000 - 0x73e36000 	C:\Windows\System32\wship6.dll
0x74450000 - 0x7445f000 	C:\Program Files (x86)\Java\jdk1.8.0_291\jre\bin\nio.dll
0x73eb0000 - 0x73ee7000 	C:\Program Files (x86)\Java\jdk1.8.0_291\jre\bin\t2k.dll
0x022c0000 - 0x022e8000 	C:\Windows\System32\Jpcap.dll
0x16460000 - 0x164ac000 	C:\Windows\system32\wpcap.dll
0x00ae0000 - 0x00af8000 	C:\Windows\system32\packet.dll
0x736d0000 - 0x736ec000 	C:\Windows\system32\iphlpapi.dll
0x73700000 - 0x73707000 	C:\Windows\system32\WINNSI.DLL
0x749d0000 - 0x749dd000 	C:\Windows\system32\dhcpcsvc6.DLL
0x749b0000 - 0x749c2000 	C:\Windows\system32\dhcpcsvc.DLL
0x72f50000 - 0x7303b000 	C:\Windows\system32\dbghelp.dll

VM Arguments:
jvm_args: -Dfile.encoding=UTF-8 
java_command: PacketSniffer.Sniffer
java_class_path (initial): C:\Users\Gupta\Documents\NetBeansProjects\Packet_Sniffer-master\Packet Capture + Example\jars\dev-classes_net.ultrametrics-0.03.jar;C:\Users\Gupta\Documents\NetBeansProjects\Packet_Sniffer-master\Packet Capture + Example\jars\fooware_CommandLine-1.0.jar;C:\Users\Gupta\Documents\NetBeansProjects\Packet_Sniffer-master\Packet Capture + Example\jars\javadoc_net.sourceforge.jpcap-0.01.16.jar;C:\Users\Gupta\Documents\NetBeansProjects\Packet_Sniffer-master\Packet Capture + Example\jars\net.sourceforge.jpcap-0.01.16.jar;C:\Windows\Sun\Java\lib\ext\jpcap.jar;C:\Users\Gupta\Documents\NetBeansProjects\Packet_Sniffer-master\build\classes
Launcher Type: SUN_STANDARD

Environment Variables:
JAVA_HOME=C:\Program Files\Java\jdk1.8.0_202\bin;
PATH=C:\Program Files (x86)\Common Files\Oracle\Java\javapath;C:\product\11.2.0\client_1\bin;C:\Windows\system32;C:\Windows;C:\Windows\System32\Wbem;C:\Windows\System32\WindowsPowerShell\v1.0\;C:\Users\Gupta\AppData\Local\Programs\Python\Python38\Scripts\;C:\Users\Gupta\AppData\Local\Programs\Python\Python38\;C:\Program Files\JetBrains\PyCharm Community Edition 2020.3.1\bin;;C:\Program Files\Java\jdk1.8.0_202\bin
USERNAME=Gupta
OS=Windows_NT
PROCESSOR_IDENTIFIER=Intel64 Family 6 Model 37 Stepping 2, GenuineIntel



---------------  S Y S T E M  ---------------

OS: Windows 7 , 64 bit Build 7601 (6.1.7601.24545)

CPU:total 4 (initial active 4) (2 cores per cpu, 2 threads per core) family 6 model 37 stepping 2, cmov, cx8, fxsr, mmx, sse, sse2, sse3, ssse3, sse4.1, sse4.2, popcnt, ht, tsc, tscinvbit

Memory: 4k page, physical 7460176k(3551476k free), swap 14918452k(10721692k free)

vm_info: Java HotSpot(TM) Client VM (25.291-b10) for windows-x86 JRE (1.8.0_291-b10), built on Apr  9 2021 04:22:09 by "java_re" with MS VC++ 15.9 (VS2017)

time: Mon May 17 11:21:46 2021
timezone: Sri Lanka Standard Time
elapsed time: 66.391547 seconds (0d 0h 1m 6s)

