#
# A fatal error has been detected by the Java Runtime Environment:
#
#  EXCEPTION_ACCESS_VIOLATION (0xc0000005) at pc=0x70ad6ee0, pid=3824, tid=0x000011dc
#
# JRE version: Java(TM) SE Runtime Environment (8.0_291-b10) (build 1.8.0_291-b10)
# Java VM: Java HotSpot(TM) Client VM (25.291-b10 mixed mode, sharing windows-x86 )
# Problematic frame:
# V  [jvm.dll+0xe6ee0]
#
# Failed to write core dump. Minidumps are not enabled by default on client versions of Windows
#
# If you would like to submit a bug report, please visit:
#   http://bugreport.java.com/bugreport/crash.jsp
#

---------------  T H R E A D  ---------------

Current thread (0x16289400):  JavaThread "AWT-EventQueue-0" [_thread_in_vm, id=4572, stack(0x167a0000,0x167f0000)]

siginfo: ExceptionCode=0xc0000005, reading address 0x00000000

Registers:
EAX=0x00000006, EBX=0x00000000, ECX=0x4d20ee23, EDX=0x150a2a28
ESP=0x167ee078, EBP=0x167ee0a8, ESI=0x16289400, EDI=0x16289400
EIP=0x70ad6ee0, EFLAGS=0x00010246

Top of Stack: (sp=0x167ee078)
0x167ee078:   16289400 16289550 167ee92c 09a082c8
0x167ee088:   167ee088 148a1e4c 167ee0d0 154828e0
0x167ee098:   16289400 00000000 00000000 167ee0d0
0x167ee0a8:   00000000 00581c0b 00000000 00000000
0x167ee0b8:   00000000 16289400 150a2200 167ee914
0x167ee0c8:   150a2208 155f9270 00000000 155f8e78
0x167ee0d8:   167ee110 02394864 167ee110 02394864
0x167ee0e8:   045bacd0 00000000 167ee0f0 14a56665 

Instructions: (pc=0x70ad6ee0)
0x70ad6ec0:   bc f2 0c 00 8b 5d 0c c7 45 08 00 00 00 00 f6 c3
0x70ad6ed0:   01 74 0d 53 e8 77 f5 07 00 83 c4 04 8b d8 eb 02
0x70ad6ee0:   8b 1b a1 f8 c8 d7 70 83 3c 18 00 74 4c 53 e8 bd
0x70ad6ef0:   3e f6 ff 83 c4 04 8d 4d dc 8b f8 6a 00 6a 00 e8 


Register to memory mapping:

EAX=0x00000006 is an unknown value
EBX=0x00000000 is an unknown value
ECX=0x4d20ee23 is an unknown value
EDX=0x150a2a28 is pointing into metadata
ESP=0x167ee078 is pointing into the stack for thread: 0x16289400
EBP=0x167ee0a8 is pointing into the stack for thread: 0x16289400
ESI=0x16289400 is a thread
EDI=0x16289400 is a thread


Stack: [0x167a0000,0x167f0000],  sp=0x167ee078,  free space=312k
Native frames: (J=compiled Java code, j=interpreted, Vv=VM code, C=native code)
V  [jvm.dll+0xe6ee0]
C  [Jpcap.dll+0x1c0b]

Java frames: (J=compiled Java code, j=interpreted, Vv=VM code)
j  jpcap.JpcapCaptor.setFilter(Ljava/lang/String;Z)V+0
j  PacketSniffer.Sniffer$14.actionPerformed(Ljava/awt/event/ActionEvent;)V+47
j  java.awt.AWTEventMulticaster.actionPerformed(Ljava/awt/event/ActionEvent;)V+21
j  java.awt.Button.processActionEvent(Ljava/awt/event/ActionEvent;)V+11
j  java.awt.Button.processEvent(Ljava/awt/AWTEvent;)V+12
j  java.awt.Component.dispatchEventImpl(Ljava/awt/AWTEvent;)V+589
J 369 C1 java.awt.EventQueue.dispatchEventImpl(Ljava/awt/AWTEvent;Ljava/lang/Object;)V (149 bytes) @ 0x024a545c [0x024a5010+0x44c]
J 351 C1 java.awt.EventQueue$3.run()Ljava/lang/Void; (60 bytes) @ 0x0249da5c [0x0249da00+0x5c]
J 350 C1 java.awt.EventQueue$3.run()Ljava/lang/Object; (5 bytes) @ 0x0249d7e0 [0x0249d7c0+0x20]
v  ~StubRoutines::call_stub
J 284  java.security.AccessController.doPrivileged(Ljava/security/PrivilegedAction;Ljava/security/AccessControlContext;)Ljava/lang/Object; (0 bytes) @ 0x0248b287 [0x0248b220+0x67]
J 279 C1 java.security.ProtectionDomain$JavaSecurityAccessImpl.doIntersectionPrivilege(Ljava/security/PrivilegedAction;Ljava/security/AccessControlContext;Ljava/security/AccessControlContext;)Ljava/lang/Object; (22 bytes) @ 0x0248a440 [0x0248a340+0x100]
j  java.security.ProtectionDomain$JavaSecurityAccessImpl.doIntersectionPrivilege(Ljava/security/PrivilegedAction;Ljava/security/AccessControlContext;)Ljava/lang/Object;+6
j  java.awt.EventQueue$4.run()Ljava/lang/Void;+11
j  java.awt.EventQueue$4.run()Ljava/lang/Object;+1
v  ~StubRoutines::call_stub
J 284  java.security.AccessController.doPrivileged(Ljava/security/PrivilegedAction;Ljava/security/AccessControlContext;)Ljava/lang/Object; (0 bytes) @ 0x0248b287 [0x0248b220+0x67]
J 367 C1 java.awt.EventQueue.dispatchEvent(Ljava/awt/AWTEvent;)V (80 bytes) @ 0x024a409c [0x024a3d40+0x35c]
J 353 C1 java.awt.EventDispatchThread.pumpOneEventForFilters(I)V (190 bytes) @ 0x0249e658 [0x0249e260+0x3f8]
j  java.awt.EventDispatchThread.pumpEventsForFilter(ILjava/awt/Conditional;Ljava/awt/EventFilter;)V+35
j  java.awt.EventDispatchThread.pumpEventsForHierarchy(ILjava/awt/Conditional;Ljava/awt/Component;)V+11
j  java.awt.EventDispatchThread.pumpEvents(ILjava/awt/Conditional;)V+4
j  java.awt.EventDispatchThread.pumpEvents(Ljava/awt/Conditional;)V+3
j  java.awt.EventDispatchThread.run()V+9
v  ~StubRoutines::call_stub

---------------  P R O C E S S  ---------------

Java Threads: ( => current thread )
  0x003d4400 JavaThread "DestroyJavaVM" [_thread_blocked, id=4008, stack(0x00240000,0x00290000)]
  0x16351000 JavaThread "TimerQueue" daemon [_thread_blocked, id=6284, stack(0x176d0000,0x17720000)]
=>0x16289400 JavaThread "AWT-EventQueue-0" [_thread_in_vm, id=4572, stack(0x167a0000,0x167f0000)]
  0x16258800 JavaThread "AWT-Windows" daemon [_thread_in_native, id=2976, stack(0x16410000,0x16460000)]
  0x16255000 JavaThread "AWT-Shutdown" [_thread_blocked, id=7004, stack(0x16500000,0x16550000)]
  0x1624fc00 JavaThread "Java2D Disposer" daemon [_thread_blocked, id=6608, stack(0x16170000,0x161c0000)]
  0x00474800 JavaThread "Service Thread" daemon [_thread_blocked, id=2548, stack(0x15b90000,0x15be0000)]
  0x0046e400 JavaThread "C1 CompilerThread0" daemon [_thread_blocked, id=1524, stack(0x15a70000,0x15ac0000)]
  0x0046d800 JavaThread "Attach Listener" daemon [_thread_blocked, id=6596, stack(0x15af0000,0x15b40000)]
  0x0046a800 JavaThread "Signal Dispatcher" daemon [_thread_blocked, id=484, stack(0x15310000,0x15360000)]
  0x0045bc00 JavaThread "Finalizer" daemon [_thread_blocked, id=2376, stack(0x14500000,0x14550000)]
  0x003fec00 JavaThread "Reference Handler" daemon [_thread_blocked, id=4332, stack(0x15290000,0x152e0000)]

Other Threads:
  0x003f9400 VMThread [stack: 0x145f0000,0x14640000] [id=5184]
  0x15c32400 WatcherThread [stack: 0x15dc0000,0x15e10000] [id=4032]

VM state:not at safepoint (normal execution)

VM Mutex/Monitor currently owned by a thread: None

Heap:
 def new generation   total 4928K, used 2312K [0x04400000, 0x04950000, 0x09950000)
  eden space 4416K,  41% used [0x04400000, 0x045c5e78, 0x04850000)
  from space 512K,  97% used [0x04850000, 0x048cc3d8, 0x048d0000)
  to   space 512K,   0% used [0x048d0000, 0x048d0000, 0x04950000)
 tenured generation   total 10944K, used 3227K [0x09950000, 0x0a400000, 0x14400000)
   the space 10944K,  29% used [0x09950000, 0x09c76ce0, 0x09c76e00, 0x0a400000)
 Metaspace       used 972K, capacity 2662K, committed 2752K, reserved 4480K

Card table byte_map: [0x14400000,0x14490000] byte_map_base: 0x143de000

Polling page: 0x00160000

CodeCache: size=32768Kb used=1178Kb max_used=1178Kb free=31589Kb
 bounds [0x02390000, 0x024b8000, 0x04390000]
 total_blobs=655 nmethods=425 adapters=161
 compilation: enabled

Compilation events (10 events):
Event: 33.870 Thread 0x0046e400  421             javax.swing.RepaintManager::currentManager (37 bytes)
Event: 33.870 Thread 0x0046e400 nmethod 421 0x024b5ac8 code [0x024b5bf0, 0x024b5d44]
Event: 33.875 Thread 0x0046e400  422             java.util.ArrayList::add (29 bytes)
Event: 33.875 Thread 0x0046e400 nmethod 422 0x024b5e48 code [0x024b5f50, 0x024b60bc]
Event: 33.891 Thread 0x0046e400  423             java.awt.Component::invalidateIfValid (12 bytes)
Event: 33.891 Thread 0x0046e400 nmethod 423 0x024b6208 code [0x024b6310, 0x024b63dc]
Event: 33.899 Thread 0x0046e400  424             java.awt.EventDispatchThread::pumpEventsForFilter (47 bytes)
Event: 33.899 Thread 0x0046e400 nmethod 424 0x024b6448 code [0x024b6580, 0x024b66fc]
Event: 35.093 Thread 0x0046e400  426             java.beans.PropertyChangeEvent::getPropertyName (5 bytes)
Event: 35.094 Thread 0x0046e400 nmethod 426 0x024b6ac8 code [0x024b6bc0, 0x024b6c40]

GC Heap History (4 events):
Event: 0.760 GC heap before
{Heap before GC invocations=0 (full 0):
 def new generation   total 4928K, used 3761K [0x04400000, 0x04950000, 0x09950000)
  eden space 4416K,  85% used [0x04400000, 0x047ac628, 0x04850000)
  from space 512K,   0% used [0x04850000, 0x04850000, 0x048d0000)
  to   space 512K,   0% used [0x048d0000, 0x048d0000, 0x04950000)
 tenured generation   total 10944K, used 0K [0x09950000, 0x0a400000, 0x14400000)
   the space 10944K,   0% used [0x09950000, 0x09950000, 0x09950200, 0x0a400000)
 Metaspace       used 442K, capacity 2565K, committed 2624K, reserved 4480K
Event: 0.766 GC heap after
Heap after GC invocations=1 (full 0):
 def new generation   total 4928K, used 512K [0x04400000, 0x04950000, 0x09950000)
  eden space 4416K,   0% used [0x04400000, 0x04400000, 0x04850000)
  from space 512K, 100% used [0x048d0000, 0x04950000, 0x04950000)
  to   space 512K,   0% used [0x04850000, 0x04850000, 0x048d0000)
 tenured generation   total 10944K, used 818K [0x09950000, 0x0a400000, 0x14400000)
   the space 10944K,   7% used [0x09950000, 0x09a1c938, 0x09a1ca00, 0x0a400000)
 Metaspace       used 442K, capacity 2565K, committed 2624K, reserved 4480K
}
Event: 16.496 GC heap before
{Heap before GC invocations=1 (full 0):
 def new generation   total 4928K, used 4928K [0x04400000, 0x04950000, 0x09950000)
  eden space 4416K, 100% used [0x04400000, 0x04850000, 0x04850000)
  from space 512K, 100% used [0x048d0000, 0x04950000, 0x04950000)
  to   space 512K,   0% used [0x04850000, 0x04850000, 0x048d0000)
 tenured generation   total 10944K, used 818K [0x09950000, 0x0a400000, 0x14400000)
   the space 10944K,   7% used [0x09950000, 0x09a1c938, 0x09a1ca00, 0x0a400000)
 Metaspace       used 955K, capacity 2662K, committed 2752K, reserved 4480K
Event: 16.502 GC heap after
Heap after GC invocations=2 (full 0):
 def new generation   total 4928K, used 496K [0x04400000, 0x04950000, 0x09950000)
  eden space 4416K,   0% used [0x04400000, 0x04400000, 0x04850000)
  from space 512K,  97% used [0x04850000, 0x048cc3d8, 0x048d0000)
  to   space 512K,   0% used [0x048d0000, 0x048d0000, 0x04950000)
 tenured generation   total 10944K, used 3227K [0x09950000, 0x0a400000, 0x14400000)
   the space 10944K,  29% used [0x09950000, 0x09c76ce0, 0x09c76e00, 0x0a400000)
 Metaspace       used 955K, capacity 2662K, committed 2752K, reserved 4480K
}

Deoptimization events (0 events):
No events

Classes redefined (0 events):
No events

Internal exceptions (10 events):
Event: 0.221 Thread 0x003d4400 Exception <a 'java/security/PrivilegedActionException'> (0x044b7ac8) thrown at [C:\jenkins\workspace\8-2-build-windows-i586-cygwin\jdk8u291\1294\hotspot\src\share\vm\prims\jvm.cpp, line 1523]
Event: 0.222 Thread 0x003d4400 Exception <a 'java/security/PrivilegedActionException'> (0x044bbc18) thrown at [C:\jenkins\workspace\8-2-build-windows-i586-cygwin\jdk8u291\1294\hotspot\src\share\vm\prims\jvm.cpp, line 1523]
Event: 0.222 Thread 0x003d4400 Exception <a 'java/security/PrivilegedActionException'> (0x044bbe18) thrown at [C:\jenkins\workspace\8-2-build-windows-i586-cygwin\jdk8u291\1294\hotspot\src\share\vm\prims\jvm.cpp, line 1523]
Event: 0.226 Thread 0x003d4400 Exception <a 'java/io/FileNotFoundException'> (0x044bddf8) thrown at [C:\jenkins\workspace\8-2-build-windows-i586-cygwin\jdk8u291\1294\hotspot\src\share\vm\prims\jni.cpp, line 710]
Event: 0.280 Thread 0x003d4400 Exception <a 'java/lang/NoSuchFieldError': method resolution failed> (0x0457c100) thrown at [C:\jenkins\workspace\8-2-build-windows-i586-cygwin\jdk8u291\1294\hotspot\src\share\vm\prims\methodHandles.cpp, line 1169]
Event: 0.282 Thread 0x003d4400 Exception <a 'java/lang/NoSuchFieldError': method resolution failed> (0x045882c0) thrown at [C:\jenkins\workspace\8-2-build-windows-i586-cygwin\jdk8u291\1294\hotspot\src\share\vm\prims\methodHandles.cpp, line 1169]
Event: 0.347 Thread 0x003d4400 Exception <a 'java/io/FileNotFoundException'> (0x04613658) thrown at [C:\jenkins\workspace\8-2-build-windows-i586-cygwin\jdk8u291\1294\hotspot\src\share\vm\prims\jni.cpp, line 710]
Event: 0.571 Thread 0x003d4400 Exception <a 'java/io/FileNotFoundException'> (0x04746de0) thrown at [C:\jenkins\workspace\8-2-build-windows-i586-cygwin\jdk8u291\1294\hotspot\src\share\vm\prims\jni.cpp, line 710]
Event: 0.571 Thread 0x003d4400 Exception <a 'java/lang/NullPointerException'> (0x04747570) thrown at [C:\jenkins\workspace\8-2-build-windows-i586-cygwin\jdk8u291\1294\hotspot\src\share\vm\interpreter\linkResolver.cpp, line 1185]
Event: 16.457 Thread 0x16289400 Exception <a 'java/io/IOException': Error occurred while compiling or setting filter: syntax error> (0x047f2940) thrown at [C:\jenkins\workspace\8-2-build-windows-i586-cygwin\jdk8u291\1294\hotspot\src\share\vm\prims\jni.cpp, line 737]

Events (10 events):
Event: 33.876 Executing VM operation: RevokeBias
Event: 33.876 Executing VM operation: RevokeBias done
Event: 33.877 Executing VM operation: RevokeBias
Event: 33.877 Executing VM operation: RevokeBias done
Event: 33.878 Executing VM operation: RevokeBias
Event: 33.878 Executing VM operation: RevokeBias done
Event: 33.882 Executing VM operation: RevokeBias
Event: 33.882 Executing VM operation: RevokeBias done
Event: 33.884 Executing VM operation: RevokeBias
Event: 33.884 Executing VM operation: RevokeBias done


Dynamic libraries:
0x00330000 - 0x0036e000 	C:\Program Files (x86)\Java\jdk1.8.0_291\jre\bin\java.exe
0x77520000 - 0x776a0000 	C:\Windows\SysWOW64\ntdll.dll
0x75280000 - 0x75390000 	C:\Windows\syswow64\kernel32.dll
0x75770000 - 0x757b7000 	C:\Windows\syswow64\KERNELBASE.dll
0x75180000 - 0x75221000 	C:\Windows\syswow64\ADVAPI32.dll
0x75860000 - 0x7590c000 	C:\Windows\syswow64\msvcrt.dll
0x75390000 - 0x753a9000 	C:\Windows\SysWOW64\sechost.dll
0x74e00000 - 0x74ef0000 	C:\Windows\syswow64\RPCRT4.dll
0x74c40000 - 0x74ca0000 	C:\Windows\syswow64\SspiCli.dll
0x74c30000 - 0x74c3c000 	C:\Windows\syswow64\CRYPTBASE.dll
0x76db0000 - 0x76eb0000 	C:\Windows\syswow64\USER32.dll
0x76f50000 - 0x76fe0000 	C:\Windows\syswow64\GDI32.dll
0x757c0000 - 0x757ca000 	C:\Windows\syswow64\LPK.dll
0x76eb0000 - 0x76f4d000 	C:\Windows\syswow64\USP10.dll
0x73430000 - 0x735ce000 	C:\Windows\WinSxS\x86_microsoft.windows.common-controls_6595b64144ccf1df_6.0.7601.24483_none_2b200f664577e14b\COMCTL32.dll
0x75a50000 - 0x75aa7000 	C:\Windows\syswow64\SHLWAPI.dll
0x750c0000 - 0x75120000 	C:\Windows\system32\IMM32.DLL
0x74cc0000 - 0x74d8e000 	C:\Windows\syswow64\MSCTF.dll
0x735e0000 - 0x735e3000 	C:\Windows\system32\api-ms-win-core-synch-l1-2-0.DLL
0x74ae0000 - 0x74af3000 	C:\Program Files (x86)\Java\jdk1.8.0_291\jre\bin\vcruntime140.dll
0x74bf0000 - 0x74bf4000 	C:\Program Files (x86)\Java\jdk1.8.0_291\jre\bin\api-ms-win-crt-runtime-l1-1-0.dll
0x70e80000 - 0x70f9f000 	C:\Program Files (x86)\Java\jdk1.8.0_291\jre\bin\ucrtbase.DLL
0x73d30000 - 0x73d33000 	C:\Program Files (x86)\Java\jdk1.8.0_291\jre\bin\api-ms-win-core-localization-l1-2-0.dll
0x744b0000 - 0x744b3000 	C:\Program Files (x86)\Java\jdk1.8.0_291\jre\bin\api-ms-win-core-processthreads-l1-1-1.dll
0x71ce0000 - 0x71ce3000 	C:\Program Files (x86)\Java\jdk1.8.0_291\jre\bin\api-ms-win-core-file-l1-2-0.dll
0x72c80000 - 0x72c83000 	C:\Program Files (x86)\Java\jdk1.8.0_291\jre\bin\api-ms-win-core-timezone-l1-1-0.dll
0x71cd0000 - 0x71cd3000 	C:\Program Files (x86)\Java\jdk1.8.0_291\jre\bin\api-ms-win-core-file-l2-1-0.dll
0x747a0000 - 0x747a3000 	C:\Program Files (x86)\Java\jdk1.8.0_291\jre\bin\api-ms-win-crt-heap-l1-1-0.dll
0x747b0000 - 0x747b4000 	C:\Program Files (x86)\Java\jdk1.8.0_291\jre\bin\api-ms-win-crt-string-l1-1-0.dll
0x746b0000 - 0x746b4000 	C:\Program Files (x86)\Java\jdk1.8.0_291\jre\bin\api-ms-win-crt-stdio-l1-1-0.dll
0x74790000 - 0x74794000 	C:\Program Files (x86)\Java\jdk1.8.0_291\jre\bin\api-ms-win-crt-convert-l1-1-0.dll
0x72c90000 - 0x72cff000 	C:\Program Files (x86)\Java\jdk1.8.0_291\jre\bin\msvcp140.dll
0x74460000 - 0x74463000 	C:\Program Files (x86)\Java\jdk1.8.0_291\jre\bin\api-ms-win-crt-locale-l1-1-0.dll
0x746a0000 - 0x746a5000 	C:\Program Files (x86)\Java\jdk1.8.0_291\jre\bin\api-ms-win-crt-math-l1-1-0.dll
0x74680000 - 0x74683000 	C:\Program Files (x86)\Java\jdk1.8.0_291\jre\bin\api-ms-win-crt-filesystem-l1-1-0.dll
0x74650000 - 0x74653000 	C:\Program Files (x86)\Java\jdk1.8.0_291\jre\bin\api-ms-win-crt-time-l1-1-0.dll
0x74690000 - 0x74693000 	C:\Program Files (x86)\Java\jdk1.8.0_291\jre\bin\api-ms-win-crt-environment-l1-1-0.dll
0x74670000 - 0x74673000 	C:\Program Files (x86)\Java\jdk1.8.0_291\jre\bin\api-ms-win-crt-utility-l1-1-0.dll
0x709f0000 - 0x70dce000 	C:\Program Files (x86)\Java\jdk1.8.0_291\jre\bin\client\jvm.dll
0x73790000 - 0x73797000 	C:\Windows\system32\WSOCK32.dll
0x76120000 - 0x76155000 	C:\Windows\syswow64\WS2_32.dll
0x74dc0000 - 0x74dc6000 	C:\Windows\syswow64\NSI.dll
0x73bd0000 - 0x73c02000 	C:\Windows\system32\WINMM.dll
0x737a0000 - 0x737a9000 	C:\Windows\system32\VERSION.dll
0x75230000 - 0x75235000 	C:\Windows\syswow64\PSAPI.DLL
0x74660000 - 0x7466d000 	C:\Program Files (x86)\Java\jdk1.8.0_291\jre\bin\verify.dll
0x74230000 - 0x74254000 	C:\Program Files (x86)\Java\jdk1.8.0_291\jre\bin\java.dll
0x74210000 - 0x74224000 	C:\Program Files (x86)\Java\jdk1.8.0_291\jre\bin\zip.dll
0x76160000 - 0x76dac000 	C:\Windows\syswow64\SHELL32.dll
0x76fe0000 - 0x7713f000 	C:\Windows\syswow64\ole32.dll
0x75270000 - 0x7527b000 	C:\Windows\syswow64\profapi.dll
0x72d00000 - 0x72e4b000 	C:\Program Files (x86)\Java\jdk1.8.0_291\jre\bin\awt.dll
0x75490000 - 0x75522000 	C:\Windows\syswow64\OLEAUT32.dll
0x749f0000 - 0x74a03000 	C:\Windows\system32\DWMAPI.DLL
0x6ac80000 - 0x6ad48000 	C:\Windows\system32\opengl32.dll
0x6ac50000 - 0x6ac72000 	C:\Windows\system32\GLU32.dll
0x6ab60000 - 0x6ac47000 	C:\Windows\system32\DDRAW.dll
0x72e60000 - 0x72e66000 	C:\Windows\system32\DCIMAN32.dll
0x75ab0000 - 0x75c4d000 	C:\Windows\syswow64\SETUPAPI.dll
0x75240000 - 0x75267000 	C:\Windows\syswow64\CFGMGR32.dll
0x75160000 - 0x75172000 	C:\Windows\syswow64\DEVOBJ.dll
0x74a20000 - 0x74aa0000 	C:\Windows\system32\uxtheme.dll
0x741b0000 - 0x741ed000 	C:\Program Files (x86)\Java\jdk1.8.0_291\jre\bin\fontmanager.dll
0x757d0000 - 0x75853000 	C:\Windows\syswow64\CLBCatQ.DLL
0x74030000 - 0x74161000 	C:\Windows\system32\WindowsCodecs.dll
0x73fd0000 - 0x7401c000 	C:\Windows\system32\apphelp.dll
0x71b20000 - 0x71b51000 	C:\Windows\system32\EhStorShell.dll
0x6f0f0000 - 0x6f1e5000 	C:\Windows\system32\PROPSYS.dll
0x71140000 - 0x711b0000 	C:\Windows\system32\ntshrui.dll
0x733a0000 - 0x733b9000 	C:\Windows\system32\srvcli.dll
0x5d9f0000 - 0x5d9fb000 	C:\Windows\system32\cscapi.dll
0x74180000 - 0x7418a000 	C:\Windows\system32\slc.dll
0x741f0000 - 0x74207000 	C:\Program Files (x86)\Java\jdk1.8.0_291\jre\bin\net.dll
0x73750000 - 0x7378c000 	C:\Windows\system32\mswsock.dll
0x73e30000 - 0x73e36000 	C:\Windows\System32\wship6.dll
0x74450000 - 0x7445f000 	C:\Program Files (x86)\Java\jdk1.8.0_291\jre\bin\nio.dll
0x73eb0000 - 0x73ee7000 	C:\Program Files (x86)\Java\jdk1.8.0_291\jre\bin\t2k.dll
0x00580000 - 0x005a8000 	C:\Windows\System32\Jpcap.dll
0x164b0000 - 0x164fc000 	C:\Windows\system32\wpcap.dll
0x14490000 - 0x144a8000 	C:\Windows\system32\packet.dll
0x736d0000 - 0x736ec000 	C:\Windows\system32\iphlpapi.dll
0x73700000 - 0x73707000 	C:\Windows\system32\WINNSI.DLL
0x749d0000 - 0x749dd000 	C:\Windows\system32\dhcpcsvc6.DLL
0x749b0000 - 0x749c2000 	C:\Windows\system32\dhcpcsvc.DLL
0x72f50000 - 0x7303b000 	C:\Windows\system32\dbghelp.dll

VM Arguments:
jvm_args: -Dfile.encoding=UTF-8 
java_command: PacketSniffer.Sniffer
java_class_path (initial): C:\Users\Gupta\Documents\NetBeansProjects\Packet_Sniffer-master\Packet Capture + Example\jars\dev-classes_net.ultrametrics-0.03.jar;C:\Users\Gupta\Documents\NetBeansProjects\Packet_Sniffer-master\Packet Capture + Example\jars\fooware_CommandLine-1.0.jar;C:\Users\Gupta\Documents\NetBeansProjects\Packet_Sniffer-master\Packet Capture + Example\jars\javadoc_net.sourceforge.jpcap-0.01.16.jar;C:\Users\Gupta\Documents\NetBeansProjects\Packet_Sniffer-master\Packet Capture + Example\jars\net.sourceforge.jpcap-0.01.16.jar;C:\Windows\Sun\Java\lib\ext\jpcap.jar;C:\Users\Gupta\Documents\NetBeansProjects\Packet_Sniffer-master\build\classes
Launcher Type: SUN_STANDARD

Environment Variables:
JAVA_HOME=C:\Program Files\Java\jdk1.8.0_202\bin;
PATH=C:\Program Files (x86)\Common Files\Oracle\Java\javapath;C:\product\11.2.0\client_1\bin;C:\Windows\system32;C:\Windows;C:\Windows\System32\Wbem;C:\Windows\System32\WindowsPowerShell\v1.0\;C:\Users\Gupta\AppData\Local\Programs\Python\Python38\Scripts\;C:\Users\Gupta\AppData\Local\Programs\Python\Python38\;C:\Program Files\JetBrains\PyCharm Community Edition 2020.3.1\bin;;C:\Program Files\Java\jdk1.8.0_202\bin
USERNAME=Gupta
OS=Windows_NT
PROCESSOR_IDENTIFIER=Intel64 Family 6 Model 37 Stepping 2, GenuineIntel



---------------  S Y S T E M  ---------------

OS: Windows 7 , 64 bit Build 7601 (6.1.7601.24545)

CPU:total 4 (initial active 4) (2 cores per cpu, 2 threads per core) family 6 model 37 stepping 2, cmov, cx8, fxsr, mmx, sse, sse2, sse3, ssse3, sse4.1, sse4.2, popcnt, ht, tsc, tscinvbit

Memory: 4k page, physical 7460176k(3605060k free), swap 14918452k(10755764k free)

vm_info: Java HotSpot(TM) Client VM (25.291-b10) for windows-x86 JRE (1.8.0_291-b10), built on Apr  9 2021 04:22:09 by "java_re" with MS VC++ 15.9 (VS2017)

time: Mon May 17 09:14:46 2021
timezone: Sri Lanka Standard Time
elapsed time: 35.196354 seconds (0d 0h 0m 35s)

