#
# A fatal error has been detected by the Java Runtime Environment:
#
#  EXCEPTION_ACCESS_VIOLATION (0xc0000005) at pc=0x74326ee0, pid=5260, tid=0x0000166c
#
# JRE version: Java(TM) SE Runtime Environment (8.0_291-b10) (build 1.8.0_291-b10)
# Java VM: Java HotSpot(TM) Client VM (25.291-b10 mixed mode, sharing windows-x86 )
# Problematic frame:
# V  [jvm.dll+0xe6ee0]
#
# Failed to write core dump. Minidumps are not enabled by default on client versions of Windows
#
# If you would like to submit a bug report, please visit:
#   http://bugreport.java.com/bugreport/crash.jsp
#

---------------  T H R E A D  ---------------

Current thread (0x16284000):  JavaThread "AWT-EventQueue-0" [_thread_in_vm, id=5740, stack(0x16830000,0x16880000)]

siginfo: ExceptionCode=0xc0000005, reading address 0x00000000

Registers:
EAX=0x00000006, EBX=0x00000000, ECX=0x47cb6da1, EDX=0x0000000c
ESP=0x1687dbb8, EBP=0x1687dbe8, ESI=0x16284000, EDI=0x16284000
EIP=0x74326ee0, EFLAGS=0x00010246

Top of Stack: (sp=0x1687dbb8)
0x1687dbb8:   16284000 16284150 1687e46c 09e09628
0x1687dbc8:   1687dbc8 148a1e4c 1687dc10 154828e0
0x1687dbd8:   16284000 00000000 00000000 1687dc10
0x1687dbe8:   00000000 00f21c0b 00000000 00000000
0x1687dbf8:   00000000 16284000 150a2200 1687e454
0x1687dc08:   150a2208 1687dc28 1687dc50 02724864
0x1687dc18:   00000000 00000000 00000000 00000000
0x1687dc28:   04885cc8 00000000 1687dc30 14a56665 

Instructions: (pc=0x74326ee0)
0x74326ec0:   bc f2 0c 00 8b 5d 0c c7 45 08 00 00 00 00 f6 c3
0x74326ed0:   01 74 0d 53 e8 77 f5 07 00 83 c4 04 8b d8 eb 02
0x74326ee0:   8b 1b a1 f8 c8 5c 74 83 3c 18 00 74 4c 53 e8 bd
0x74326ef0:   3e f6 ff 83 c4 04 8d 4d dc 8b f8 6a 00 6a 00 e8 


Register to memory mapping:

EAX=0x00000006 is an unknown value
EBX=0x00000000 is an unknown value
ECX=0x47cb6da1 is an unknown value
EDX=0x0000000c is an unknown value
ESP=0x1687dbb8 is pointing into the stack for thread: 0x16284000
EBP=0x1687dbe8 is pointing into the stack for thread: 0x16284000
ESI=0x16284000 is a thread
EDI=0x16284000 is a thread


Stack: [0x16830000,0x16880000],  sp=0x1687dbb8,  free space=310k
Native frames: (J=compiled Java code, j=interpreted, Vv=VM code, C=native code)
V  [jvm.dll+0xe6ee0]
C  [Jpcap.dll+0x1c0b]

Java frames: (J=compiled Java code, j=interpreted, Vv=VM code)
j  jpcap.JpcapCaptor.setFilter(Ljava/lang/String;Z)V+0
j  PacketSniffer.Sniffer$14.actionPerformed(Ljava/awt/event/ActionEvent;)V+47
j  java.awt.AWTEventMulticaster.actionPerformed(Ljava/awt/event/ActionEvent;)V+21
j  java.awt.Button.processActionEvent(Ljava/awt/event/ActionEvent;)V+11
j  java.awt.Button.processEvent(Ljava/awt/AWTEvent;)V+12
j  java.awt.Component.dispatchEventImpl(Ljava/awt/AWTEvent;)V+589
J 340 C1 java.awt.EventQueue.dispatchEventImpl(Ljava/awt/AWTEvent;Ljava/lang/Object;)V (149 bytes) @ 0x02829ddc [0x02829990+0x44c]
J 308 C1 java.awt.EventQueue$3.run()Ljava/lang/Void; (60 bytes) @ 0x0282039c [0x02820340+0x5c]
J 307 C1 java.awt.EventQueue$3.run()Ljava/lang/Object; (5 bytes) @ 0x02820120 [0x02820100+0x20]
v  ~StubRoutines::call_stub
J 287  java.security.AccessController.doPrivileged(Ljava/security/PrivilegedAction;Ljava/security/AccessControlContext;)Ljava/lang/Object; (0 bytes) @ 0x0281b187 [0x0281b120+0x67]
J 272 C1 java.security.ProtectionDomain$JavaSecurityAccessImpl.doIntersectionPrivilege(Ljava/security/PrivilegedAction;Ljava/security/AccessControlContext;Ljava/security/AccessControlContext;)Ljava/lang/Object; (22 bytes) @ 0x02818e00 [0x02818d00+0x100]
j  java.security.ProtectionDomain$JavaSecurityAccessImpl.doIntersectionPrivilege(Ljava/security/PrivilegedAction;Ljava/security/AccessControlContext;)Ljava/lang/Object;+6
j  java.awt.EventQueue$4.run()Ljava/lang/Void;+11
j  java.awt.EventQueue$4.run()Ljava/lang/Object;+1
v  ~StubRoutines::call_stub
J 287  java.security.AccessController.doPrivileged(Ljava/security/PrivilegedAction;Ljava/security/AccessControlContext;)Ljava/lang/Object; (0 bytes) @ 0x0281b187 [0x0281b120+0x67]
J 338 C1 java.awt.EventQueue.dispatchEvent(Ljava/awt/AWTEvent;)V (80 bytes) @ 0x02828a1c [0x028286c0+0x35c]
J 311 C1 java.awt.EventDispatchThread.pumpOneEventForFilters(I)V (190 bytes) @ 0x02821198 [0x02820da0+0x3f8]
j  java.awt.EventDispatchThread.pumpEventsForFilter(ILjava/awt/Conditional;Ljava/awt/EventFilter;)V+35
j  java.awt.EventDispatchThread.pumpEventsForHierarchy(ILjava/awt/Conditional;Ljava/awt/Component;)V+11
j  java.awt.EventDispatchThread.pumpEvents(ILjava/awt/Conditional;)V+4
j  java.awt.EventDispatchThread.pumpEvents(Ljava/awt/Conditional;)V+3
j  java.awt.EventDispatchThread.run()V+9
v  ~StubRoutines::call_stub

---------------  P R O C E S S  ---------------

Java Threads: ( => current thread )
  0x00704800 JavaThread "DestroyJavaVM" [_thread_blocked, id=5392, stack(0x00cd0000,0x00d20000)]
  0x1634f800 JavaThread "TimerQueue" daemon [_thread_blocked, id=5916, stack(0x176b0000,0x17700000)]
=>0x16284000 JavaThread "AWT-EventQueue-0" [_thread_in_vm, id=5740, stack(0x16830000,0x16880000)]
  0x16256c00 JavaThread "AWT-Windows" daemon [_thread_in_native, id=5576, stack(0x16500000,0x16550000)]
  0x16250400 JavaThread "AWT-Shutdown" [_thread_blocked, id=756, stack(0x16580000,0x165d0000)]
  0x1624dc00 JavaThread "Java2D Disposer" daemon [_thread_blocked, id=2644, stack(0x16460000,0x164b0000)]
  0x007b8c00 JavaThread "Service Thread" daemon [_thread_blocked, id=3168, stack(0x15de0000,0x15e30000)]
  0x007a1800 JavaThread "C1 CompilerThread0" daemon [_thread_blocked, id=5096, stack(0x159c0000,0x15a10000)]
  0x007a0800 JavaThread "Attach Listener" daemon [_thread_blocked, id=4924, stack(0x047b0000,0x04800000)]
  0x0079dc00 JavaThread "Signal Dispatcher" daemon [_thread_blocked, id=2508, stack(0x15b20000,0x15b70000)]
  0x0078c000 JavaThread "Finalizer" daemon [_thread_blocked, id=1652, stack(0x15350000,0x153a0000)]
  0x0072f000 JavaThread "Reference Handler" daemon [_thread_blocked, id=2384, stack(0x04750000,0x047a0000)]

Other Threads:
  0x00729800 VMThread [stack: 0x00f90000,0x00fe0000] [id=5480]
  0x007bb000 WatcherThread [stack: 0x15e80000,0x15ed0000] [id=4632]

VM state:not at safepoint (normal execution)

VM Mutex/Monitor currently owned by a thread: None

Heap:
 def new generation   total 4928K, used 750K [0x04800000, 0x04d50000, 0x09d50000)
  eden space 4416K,  13% used [0x04800000, 0x04892970, 0x04c50000)
  from space 512K,  32% used [0x04cd0000, 0x04cf9148, 0x04d50000)
  to   space 512K,   0% used [0x04c50000, 0x04c50000, 0x04cd0000)
 tenured generation   total 10944K, used 6988K [0x09d50000, 0x0a800000, 0x14800000)
   the space 10944K,  63% used [0x09d50000, 0x0a423010, 0x0a423200, 0x0a800000)
 Metaspace       used 838K, capacity 2662K, committed 2752K, reserved 4480K

Card table byte_map: [0x002a0000,0x00330000] byte_map_base: 0x0027c000

Polling page: 0x00190000

CodeCache: size=32768Kb used=1128Kb max_used=1128Kb free=31639Kb
 bounds [0x02720000, 0x02840000, 0x04720000]
 total_blobs=626 nmethods=396 adapters=161
 compilation: enabled

Compilation events (10 events):
Event: 29.096 Thread 0x007a1800  392             java.util.Hashtable$Entry::<init> (26 bytes)
Event: 29.097 Thread 0x007a1800 nmethod 392 0x02838e08 code [0x02838f00, 0x02838fb0]
Event: 29.097 Thread 0x007a1800  393   !         java.awt.Component::firePropertyChange (59 bytes)
Event: 29.098 Thread 0x007a1800 nmethod 393 0x02839008 code [0x02839140, 0x02839520]
Event: 29.110 Thread 0x007a1800  394             java.util.ArrayList::indexOf (67 bytes)
Event: 29.111 Thread 0x007a1800 nmethod 394 0x028397c8 code [0x028398e0, 0x02839a4c]
Event: 29.125 Thread 0x007a1800  395             java.awt.EventDispatchThread::pumpEventsForFilter (47 bytes)
Event: 29.125 Thread 0x007a1800 nmethod 395 0x02839b88 code [0x02839cc0, 0x02839e3c]
Event: 30.356 Thread 0x007a1800  397             sun.awt.SunToolkit::getContainingWindow (24 bytes)
Event: 30.357 Thread 0x007a1800 nmethod 397 0x0283a208 code [0x0283a310, 0x0283a3fc]

GC Heap History (6 events):
Event: 0.315 GC heap before
{Heap before GC invocations=0 (full 0):
 def new generation   total 4928K, used 3834K [0x04800000, 0x04d50000, 0x09d50000)
  eden space 4416K,  86% used [0x04800000, 0x04bbeb40, 0x04c50000)
  from space 512K,   0% used [0x04c50000, 0x04c50000, 0x04cd0000)
  to   space 512K,   0% used [0x04cd0000, 0x04cd0000, 0x04d50000)
 tenured generation   total 10944K, used 0K [0x09d50000, 0x0a800000, 0x14800000)
   the space 10944K,   0% used [0x09d50000, 0x09d50000, 0x09d50200, 0x0a800000)
 Metaspace       used 448K, capacity 2571K, committed 2624K, reserved 4480K
Event: 0.321 GC heap after
Heap after GC invocations=1 (full 0):
 def new generation   total 4928K, used 512K [0x04800000, 0x04d50000, 0x09d50000)
  eden space 4416K,   0% used [0x04800000, 0x04800000, 0x04c50000)
  from space 512K, 100% used [0x04cd0000, 0x04d50000, 0x04d50000)
  to   space 512K,   0% used [0x04c50000, 0x04c50000, 0x04cd0000)
 tenured generation   total 10944K, used 825K [0x09d50000, 0x0a800000, 0x14800000)
   the space 10944K,   7% used [0x09d50000, 0x09e1e5c0, 0x09e1e600, 0x0a800000)
 Metaspace       used 448K, capacity 2571K, committed 2624K, reserved 4480K
}
Event: 20.751 GC heap before
{Heap before GC invocations=1 (full 0):
 def new generation   total 4928K, used 4831K [0x04800000, 0x04d50000, 0x09d50000)
  eden space 4416K,  97% used [0x04800000, 0x04c37ea8, 0x04c50000)
  from space 512K, 100% used [0x04cd0000, 0x04d50000, 0x04d50000)
  to   space 512K,   0% used [0x04c50000, 0x04c50000, 0x04cd0000)
 tenured generation   total 10944K, used 825K [0x09d50000, 0x0a800000, 0x14800000)
   the space 10944K,   7% used [0x09d50000, 0x09e1e5c0, 0x09e1e600, 0x0a800000)
 Metaspace       used 827K, capacity 2662K, committed 2752K, reserved 4480K
Event: 20.757 GC heap after
Heap after GC invocations=2 (full 0):
 def new generation   total 4928K, used 221K [0x04800000, 0x04d50000, 0x09d50000)
  eden space 4416K,   0% used [0x04800000, 0x04800000, 0x04c50000)
  from space 512K,  43% used [0x04c50000, 0x04c874c8, 0x04cd0000)
  to   space 512K,   0% used [0x04cd0000, 0x04cd0000, 0x04d50000)
 tenured generation   total 10944K, used 3237K [0x09d50000, 0x0a800000, 0x14800000)
   the space 10944K,  29% used [0x09d50000, 0x0a079580, 0x0a079600, 0x0a800000)
 Metaspace       used 827K, capacity 2662K, committed 2752K, reserved 4480K
}
Event: 27.429 GC heap before
{Heap before GC invocations=2 (full 0):
 def new generation   total 4928K, used 4637K [0x04800000, 0x04d50000, 0x09d50000)
  eden space 4416K, 100% used [0x04800000, 0x04c50000, 0x04c50000)
  from space 512K,  43% used [0x04c50000, 0x04c874c8, 0x04cd0000)
  to   space 512K,   0% used [0x04cd0000, 0x04cd0000, 0x04d50000)
 tenured generation   total 10944K, used 3237K [0x09d50000, 0x0a800000, 0x14800000)
   the space 10944K,  29% used [0x09d50000, 0x0a079580, 0x0a079600, 0x0a800000)
 Metaspace       used 828K, capacity 2662K, committed 2752K, reserved 4480K
Event: 27.435 GC heap after
Heap after GC invocations=3 (full 0):
 def new generation   total 4928K, used 164K [0x04800000, 0x04d50000, 0x09d50000)
  eden space 4416K,   0% used [0x04800000, 0x04800000, 0x04c50000)
  from space 512K,  32% used [0x04cd0000, 0x04cf9148, 0x04d50000)
  to   space 512K,   0% used [0x04c50000, 0x04c50000, 0x04cd0000)
 tenured generation   total 10944K, used 6988K [0x09d50000, 0x0a800000, 0x14800000)
   the space 10944K,  63% used [0x09d50000, 0x0a423010, 0x0a423200, 0x0a800000)
 Metaspace       used 828K, capacity 2662K, committed 2752K, reserved 4480K
}

Deoptimization events (0 events):
No events

Classes redefined (0 events):
No events

Internal exceptions (10 events):
Event: 0.072 Thread 0x00704800 Exception <a 'java/security/PrivilegedActionException'> (0x048b80a8) thrown at [C:\jenkins\workspace\8-2-build-windows-i586-cygwin\jdk8u291\1294\hotspot\src\share\vm\prims\jvm.cpp, line 1523]
Event: 0.072 Thread 0x00704800 Exception <a 'java/security/PrivilegedActionException'> (0x048b82a8) thrown at [C:\jenkins\workspace\8-2-build-windows-i586-cygwin\jdk8u291\1294\hotspot\src\share\vm\prims\jvm.cpp, line 1523]
Event: 0.072 Thread 0x00704800 Exception <a 'java/security/PrivilegedActionException'> (0x048bc380) thrown at [C:\jenkins\workspace\8-2-build-windows-i586-cygwin\jdk8u291\1294\hotspot\src\share\vm\prims\jvm.cpp, line 1523]
Event: 0.072 Thread 0x00704800 Exception <a 'java/security/PrivilegedActionException'> (0x048bc580) thrown at [C:\jenkins\workspace\8-2-build-windows-i586-cygwin\jdk8u291\1294\hotspot\src\share\vm\prims\jvm.cpp, line 1523]
Event: 0.074 Thread 0x00704800 Exception <a 'java/io/FileNotFoundException'> (0x048be560) thrown at [C:\jenkins\workspace\8-2-build-windows-i586-cygwin\jdk8u291\1294\hotspot\src\share\vm\prims\jni.cpp, line 710]
Event: 0.106 Thread 0x00704800 Exception <a 'java/lang/NoSuchFieldError': method resolution failed> (0x0497cc50) thrown at [C:\jenkins\workspace\8-2-build-windows-i586-cygwin\jdk8u291\1294\hotspot\src\share\vm\prims\methodHandles.cpp, line 1169]
Event: 0.108 Thread 0x00704800 Exception <a 'java/lang/NoSuchFieldError': method resolution failed> (0x04988df0) thrown at [C:\jenkins\workspace\8-2-build-windows-i586-cygwin\jdk8u291\1294\hotspot\src\share\vm\prims\methodHandles.cpp, line 1169]
Event: 0.137 Thread 0x00704800 Exception <a 'java/io/FileNotFoundException'> (0x04a14740) thrown at [C:\jenkins\workspace\8-2-build-windows-i586-cygwin\jdk8u291\1294\hotspot\src\share\vm\prims\jni.cpp, line 710]
Event: 0.217 Thread 0x00704800 Exception <a 'java/io/FileNotFoundException'> (0x04b48218) thrown at [C:\jenkins\workspace\8-2-build-windows-i586-cygwin\jdk8u291\1294\hotspot\src\share\vm\prims\jni.cpp, line 710]
Event: 0.217 Thread 0x00704800 Exception <a 'java/lang/NullPointerException'> (0x04b489a8) thrown at [C:\jenkins\workspace\8-2-build-windows-i586-cygwin\jdk8u291\1294\hotspot\src\share\vm\interpreter\linkResolver.cpp, line 1185]

Events (10 events):
Event: 29.099 Executing VM operation: RevokeBias
Event: 29.099 Executing VM operation: RevokeBias done
Event: 29.100 Executing VM operation: RevokeBias
Event: 29.100 Executing VM operation: RevokeBias done
Event: 29.100 Executing VM operation: RevokeBias
Event: 29.101 Executing VM operation: RevokeBias done
Event: 29.104 Executing VM operation: RevokeBias
Event: 29.105 Executing VM operation: RevokeBias done
Event: 29.106 Executing VM operation: RevokeBias
Event: 29.106 Executing VM operation: RevokeBias done


Dynamic libraries:
0x01010000 - 0x0104e000 	C:\Program Files (x86)\Java\jdk1.8.0_291\jre\bin\java.exe
0x77580000 - 0x77700000 	C:\Windows\SysWOW64\ntdll.dll
0x75320000 - 0x75430000 	C:\Windows\syswow64\kernel32.dll
0x74d40000 - 0x74d87000 	C:\Windows\syswow64\KERNELBASE.dll
0x76cd0000 - 0x76d71000 	C:\Windows\syswow64\ADVAPI32.dll
0x74fe0000 - 0x7508c000 	C:\Windows\syswow64\msvcrt.dll
0x75300000 - 0x75319000 	C:\Windows\SysWOW64\sechost.dll
0x75580000 - 0x75670000 	C:\Windows\syswow64\RPCRT4.dll
0x74ca0000 - 0x74d00000 	C:\Windows\syswow64\SspiCli.dll
0x74c90000 - 0x74c9c000 	C:\Windows\syswow64\CRYPTBASE.dll
0x77010000 - 0x77110000 	C:\Windows\syswow64\USER32.dll
0x77110000 - 0x771a0000 	C:\Windows\syswow64\GDI32.dll
0x76f50000 - 0x76f5a000 	C:\Windows\syswow64\LPK.dll
0x74d90000 - 0x74e2d000 	C:\Windows\syswow64\USP10.dll
0x73260000 - 0x733fe000 	C:\Windows\WinSxS\x86_microsoft.windows.common-controls_6595b64144ccf1df_6.0.7601.24483_none_2b200f664577e14b\COMCTL32.dll
0x75cc0000 - 0x75d17000 	C:\Windows\syswow64\SHLWAPI.dll
0x76ee0000 - 0x76f40000 	C:\Windows\system32\IMM32.DLL
0x75f10000 - 0x75fde000 	C:\Windows\syswow64\MSCTF.dll
0x73790000 - 0x73793000 	C:\Windows\system32\api-ms-win-core-synch-l1-2-0.DLL
0x74c20000 - 0x74c33000 	C:\Program Files (x86)\Java\jdk1.8.0_291\jre\bin\vcruntime140.dll
0x74c50000 - 0x74c54000 	C:\Program Files (x86)\Java\jdk1.8.0_291\jre\bin\api-ms-win-crt-runtime-l1-1-0.dll
0x6e3a0000 - 0x6e4bf000 	C:\Program Files (x86)\Java\jdk1.8.0_291\jre\bin\ucrtbase.DLL
0x72600000 - 0x72603000 	C:\Program Files (x86)\Java\jdk1.8.0_291\jre\bin\api-ms-win-core-localization-l1-2-0.dll
0x72610000 - 0x72613000 	C:\Program Files (x86)\Java\jdk1.8.0_291\jre\bin\api-ms-win-core-processthreads-l1-1-1.dll
0x725e0000 - 0x725e3000 	C:\Program Files (x86)\Java\jdk1.8.0_291\jre\bin\api-ms-win-core-file-l1-2-0.dll
0x725f0000 - 0x725f3000 	C:\Program Files (x86)\Java\jdk1.8.0_291\jre\bin\api-ms-win-core-timezone-l1-1-0.dll
0x725c0000 - 0x725c3000 	C:\Program Files (x86)\Java\jdk1.8.0_291\jre\bin\api-ms-win-core-file-l2-1-0.dll
0x748d0000 - 0x748d3000 	C:\Program Files (x86)\Java\jdk1.8.0_291\jre\bin\api-ms-win-crt-heap-l1-1-0.dll
0x748a0000 - 0x748a4000 	C:\Program Files (x86)\Java\jdk1.8.0_291\jre\bin\api-ms-win-crt-string-l1-1-0.dll
0x748b0000 - 0x748b4000 	C:\Program Files (x86)\Java\jdk1.8.0_291\jre\bin\api-ms-win-crt-stdio-l1-1-0.dll
0x74880000 - 0x74884000 	C:\Program Files (x86)\Java\jdk1.8.0_291\jre\bin\api-ms-win-crt-convert-l1-1-0.dll
0x73fa0000 - 0x7400f000 	C:\Program Files (x86)\Java\jdk1.8.0_291\jre\bin\msvcp140.dll
0x746a0000 - 0x746a3000 	C:\Program Files (x86)\Java\jdk1.8.0_291\jre\bin\api-ms-win-crt-locale-l1-1-0.dll
0x74760000 - 0x74765000 	C:\Program Files (x86)\Java\jdk1.8.0_291\jre\bin\api-ms-win-crt-math-l1-1-0.dll
0x74740000 - 0x74743000 	C:\Program Files (x86)\Java\jdk1.8.0_291\jre\bin\api-ms-win-crt-filesystem-l1-1-0.dll
0x74730000 - 0x74733000 	C:\Program Files (x86)\Java\jdk1.8.0_291\jre\bin\api-ms-win-crt-time-l1-1-0.dll
0x74890000 - 0x74893000 	C:\Program Files (x86)\Java\jdk1.8.0_291\jre\bin\api-ms-win-crt-environment-l1-1-0.dll
0x74750000 - 0x74753000 	C:\Program Files (x86)\Java\jdk1.8.0_291\jre\bin\api-ms-win-crt-utility-l1-1-0.dll
0x74240000 - 0x7461e000 	C:\Program Files (x86)\Java\jdk1.8.0_291\jre\bin\client\jvm.dll
0x74c40000 - 0x74c47000 	C:\Windows\system32\WSOCK32.dll
0x76fc0000 - 0x76ff5000 	C:\Windows\syswow64\WS2_32.dll
0x75b90000 - 0x75b96000 	C:\Windows\syswow64\NSI.dll
0x6ba50000 - 0x6ba82000 	C:\Windows\system32\WINMM.dll
0x73800000 - 0x73809000 	C:\Windows\system32\VERSION.dll
0x76cc0000 - 0x76cc5000 	C:\Windows\syswow64\PSAPI.DLL
0x746e0000 - 0x746ed000 	C:\Program Files (x86)\Java\jdk1.8.0_291\jre\bin\verify.dll
0x746b0000 - 0x746d4000 	C:\Program Files (x86)\Java\jdk1.8.0_291\jre\bin\java.dll
0x74680000 - 0x74694000 	C:\Program Files (x86)\Java\jdk1.8.0_291\jre\bin\zip.dll
0x75fe0000 - 0x76c2c000 	C:\Windows\syswow64\SHELL32.dll
0x76d80000 - 0x76edf000 	C:\Windows\syswow64\ole32.dll
0x74d00000 - 0x74d0b000 	C:\Windows\syswow64\profapi.dll
0x74010000 - 0x7415b000 	C:\Program Files (x86)\Java\jdk1.8.0_291\jre\bin\awt.dll
0x75be0000 - 0x75c72000 	C:\Windows\syswow64\OLEAUT32.dll
0x74860000 - 0x74873000 	C:\Windows\system32\DWMAPI.DLL
0x65c70000 - 0x65d38000 	C:\Windows\system32\opengl32.dll
0x65c40000 - 0x65c62000 	C:\Windows\system32\GLU32.dll
0x65ab0000 - 0x65b97000 	C:\Windows\system32\DDRAW.dll
0x65a30000 - 0x65a36000 	C:\Windows\system32\DCIMAN32.dll
0x74e30000 - 0x74fcd000 	C:\Windows\syswow64\SETUPAPI.dll
0x752d0000 - 0x752f7000 	C:\Windows\syswow64\CFGMGR32.dll
0x75430000 - 0x75442000 	C:\Windows\syswow64\DEVOBJ.dll
0x731d0000 - 0x73250000 	C:\Windows\system32\uxtheme.dll
0x73f60000 - 0x73f9d000 	C:\Program Files (x86)\Java\jdk1.8.0_291\jre\bin\fontmanager.dll
0x75e80000 - 0x75f03000 	C:\Windows\syswow64\CLBCatQ.DLL
0x6f7c0000 - 0x6f8f1000 	C:\Windows\system32\WindowsCodecs.dll
0x74810000 - 0x7485c000 	C:\Windows\system32\apphelp.dll
0x72900000 - 0x72931000 	C:\Windows\system32\EhStorShell.dll
0x6c340000 - 0x6c435000 	C:\Windows\system32\PROPSYS.dll
0x72820000 - 0x72890000 	C:\Windows\system32\ntshrui.dll
0x73410000 - 0x73429000 	C:\Windows\system32\srvcli.dll
0x73d30000 - 0x73d3b000 	C:\Windows\system32\cscapi.dll
0x730d0000 - 0x730da000 	C:\Windows\system32\slc.dll
0x74660000 - 0x74677000 	C:\Program Files (x86)\Java\jdk1.8.0_291\jre\bin\net.dll
0x737b0000 - 0x737ec000 	C:\Windows\system32\mswsock.dll
0x74b80000 - 0x74b86000 	C:\Windows\System32\wship6.dll
0x74650000 - 0x7465f000 	C:\Program Files (x86)\Java\jdk1.8.0_291\jre\bin\nio.dll
0x73f20000 - 0x73f57000 	C:\Program Files (x86)\Java\jdk1.8.0_291\jre\bin\t2k.dll
0x00f20000 - 0x00f48000 	C:\Windows\System32\Jpcap.dll
0x160d0000 - 0x1611c000 	C:\Windows\system32\wpcap.dll
0x006a0000 - 0x006b8000 	C:\Windows\system32\packet.dll
0x73720000 - 0x7373c000 	C:\Windows\system32\iphlpapi.dll
0x73750000 - 0x73757000 	C:\Windows\system32\WINNSI.DLL
0x73e30000 - 0x73e3d000 	C:\Windows\system32\dhcpcsvc6.DLL
0x73e10000 - 0x73e22000 	C:\Windows\system32\dhcpcsvc.DLL
0x72fc0000 - 0x730ab000 	C:\Windows\system32\dbghelp.dll

VM Arguments:
jvm_args: -Dfile.encoding=UTF-8 
java_command: PacketSniffer.Sniffer
java_class_path (initial): C:\Users\Gupta\Documents\NetBeansProjects\Packet_Sniffer-master\Packet Capture + Example\jars\dev-classes_net.ultrametrics-0.03.jar;C:\Users\Gupta\Documents\NetBeansProjects\Packet_Sniffer-master\Packet Capture + Example\jars\fooware_CommandLine-1.0.jar;C:\Users\Gupta\Documents\NetBeansProjects\Packet_Sniffer-master\Packet Capture + Example\jars\javadoc_net.sourceforge.jpcap-0.01.16.jar;C:\Users\Gupta\Documents\NetBeansProjects\Packet_Sniffer-master\Packet Capture + Example\jars\net.sourceforge.jpcap-0.01.16.jar;C:\Windows\Sun\Java\lib\ext\jpcap.jar;C:\Users\Gupta\Documents\NetBeansProjects\Packet_Sniffer-master\build\classes
Launcher Type: SUN_STANDARD

Environment Variables:
JAVA_HOME=C:\Program Files\Java\jdk1.8.0_202\bin;
PATH=C:\Program Files (x86)\Common Files\Oracle\Java\javapath;C:\product\11.2.0\client_1\bin;C:\Windows\system32;C:\Windows;C:\Windows\System32\Wbem;C:\Windows\System32\WindowsPowerShell\v1.0\;C:\Users\Gupta\AppData\Local\Programs\Python\Python38\Scripts\;C:\Users\Gupta\AppData\Local\Programs\Python\Python38\;C:\Program Files\JetBrains\PyCharm Community Edition 2020.3.1\bin;;C:\Program Files\Java\jdk1.8.0_202\bin;C:\Users\Gupta\AppData\Local\Programs\Python\Python38\Lib\site-packages\nmap
USERNAME=Gupta
OS=Windows_NT
PROCESSOR_IDENTIFIER=Intel64 Family 6 Model 37 Stepping 2, GenuineIntel



---------------  S Y S T E M  ---------------

OS: Windows 7 , 64 bit Build 7601 (6.1.7601.24545)

CPU:total 4 (initial active 4) (2 cores per cpu, 2 threads per core) family 6 model 37 stepping 2, cmov, cx8, fxsr, mmx, sse, sse2, sse3, ssse3, sse4.1, sse4.2, popcnt, ht, tsc, tscinvbit

Memory: 4k page, physical 7460176k(4717124k free), swap 14918452k(12097896k free)

vm_info: Java HotSpot(TM) Client VM (25.291-b10) for windows-x86 JRE (1.8.0_291-b10), built on Apr  9 2021 04:22:09 by "java_re" with MS VC++ 15.9 (VS2017)

time: Sun Jul 18 21:33:46 2021
timezone: Sri Lanka Standard Time
elapsed time: 30.447728 seconds (0d 0h 0m 30s)

